{"/home/dapaulid/projects/remo.io/lib/browser.ts": {"path":"/home/dapaulid/projects/remo.io/lib/browser.ts","statementMap":{"0":{"start":{"line":16,"column":0},"end":{"line":16,"column":58}},"1":{"start":{"line":20,"column":4},"end":{"line":20,"column":32}},"2":{"start":{"line":19,"column":0},"end":{"line":19,"column":16}},"3":{"start":{"line":24,"column":13},"end":{"line":24,"column":53}},"4":{"start":{"line":27,"column":11},"end":{"line":27,"column":48}},"5":{"start":{"line":31,"column":4},"end":{"line":38,"column":null}},"6":{"start":{"line":32,"column":8},"end":{"line":35,"column":11}},"7":{"start":{"line":33,"column":12},"end":{"line":33,"column":25}},"8":{"start":{"line":34,"column":12},"end":{"line":34,"column":26}},"9":{"start":{"line":37,"column":8},"end":{"line":37,"column":39}},"10":{"start":{"line":30,"column":0},"end":{"line":30,"column":16}}},"fnMap":{"0":{"name":"createClient","decl":{"start":{"line":19,"column":16},"end":{"line":19,"column":28}},"loc":{"start":{"line":19,"column":28},"end":{"line":21,"column":1}}},"1":{"name":"getServer","decl":{"start":{"line":30,"column":16},"end":{"line":30,"column":25}},"loc":{"start":{"line":30,"column":25},"end":{"line":39,"column":1}}},"2":{"name":"(anonymous_2)","decl":{"start":{"line":32,"column":37},"end":{"line":32,"column":38}},"loc":{"start":{"line":32,"column":45},"end":{"line":35,"column":9}}}},"branchMap":{"0":{"loc":{"start":{"line":31,"column":4},"end":{"line":38,"column":null}},"type":"if","locations":[{"start":{"line":31,"column":4},"end":{"line":38,"column":null}},{"start":{"line":31,"column":4},"end":{"line":38,"column":null}}]}},"s":{"0":0,"1":0,"2":0,"3":0,"4":0,"5":0,"6":0,"7":0,"8":0,"9":0,"10":0},"f":{"0":0,"1":0,"2":0},"b":{"0":[0,0]}}
,"/home/dapaulid/projects/remo.io/lib/errors.ts": {"path":"/home/dapaulid/projects/remo.io/lib/errors.ts","statementMap":{"0":{"start":{"line":11,"column":0},"end":{"line":11,"column":38}},"1":{"start":{"line":17,"column":28},"end":{"line":17,"column":30}},"2":{"start":{"line":12,"column":0},"end":{"line":12,"column":47}},"3":{"start":{"line":17,"column":24},"end":{"line":17,"column":26}},"4":{"start":{"line":13,"column":0},"end":{"line":13,"column":44}},"5":{"start":{"line":17,"column":20},"end":{"line":17,"column":22}},"6":{"start":{"line":14,"column":0},"end":{"line":14,"column":7}},"7":{"start":{"line":17,"column":9},"end":{"line":14,"column":36}},"8":{"start":{"line":15,"column":0},"end":{"line":15,"column":40}},"9":{"start":{"line":20,"column":4},"end":{"line":26,"column":null}},"10":{"start":{"line":22,"column":8},"end":{"line":22,"column":96}},"11":{"start":{"line":25,"column":8},"end":{"line":25,"column":67}},"12":{"start":{"line":19,"column":0},"end":{"line":19,"column":16}},"13":{"start":{"line":30,"column":4},"end":{"line":38,"column":null}},"14":{"start":{"line":31,"column":20},"end":{"line":31,"column":42}},"15":{"start":{"line":33,"column":8},"end":{"line":33,"column":34}},"16":{"start":{"line":34,"column":8},"end":{"line":34,"column":19}},"17":{"start":{"line":37,"column":8},"end":{"line":37,"column":19}},"18":{"start":{"line":29,"column":0},"end":{"line":29,"column":16}}},"fnMap":{"0":{"name":"revive","decl":{"start":{"line":19,"column":16},"end":{"line":19,"column":22}},"loc":{"start":{"line":19,"column":31},"end":{"line":27,"column":1}}},"1":{"name":"serialize","decl":{"start":{"line":29,"column":16},"end":{"line":29,"column":25}},"loc":{"start":{"line":29,"column":34},"end":{"line":39,"column":1}}}},"branchMap":{"0":{"loc":{"start":{"line":20,"column":4},"end":{"line":26,"column":null}},"type":"if","locations":[{"start":{"line":20,"column":4},"end":{"line":26,"column":null}},{"start":{"line":20,"column":4},"end":{"line":26,"column":null}}]},"1":{"loc":{"start":{"line":20,"column":8},"end":{"line":20,"column":11}},"type":"binary-expr","locations":[{"start":{"line":20,"column":8},"end":{"line":20,"column":11}},{"start":{"line":20,"column":15},"end":{"line":20,"column":39}}]},"2":{"loc":{"start":{"line":25,"column":31},"end":{"line":25,"column":42}},"type":"binary-expr","locations":[{"start":{"line":25,"column":31},"end":{"line":25,"column":42}},{"start":{"line":25,"column":46},"end":{"line":25,"column":60}}]},"3":{"loc":{"start":{"line":30,"column":4},"end":{"line":38,"column":null}},"type":"if","locations":[{"start":{"line":30,"column":4},"end":{"line":38,"column":null}},{"start":{"line":30,"column":4},"end":{"line":38,"column":null}}]}},"s":{"0":1,"1":1,"2":1,"3":1,"4":1,"5":1,"6":1,"7":1,"8":1,"9":0,"10":0,"11":0,"12":1,"13":0,"14":0,"15":0,"16":0,"17":0,"18":1},"f":{"0":0,"1":0},"b":{"0":[0,0],"1":[0,0],"2":[0,0],"3":[0,0]}}
,"/home/dapaulid/projects/remo.io/lib/index.ts": {"path":"/home/dapaulid/projects/remo.io/lib/index.ts","statementMap":{"0":{"start":{"line":15,"column":0},"end":{"line":15,"column":31}},"1":{"start":{"line":19,"column":4},"end":{"line":19,"column":42}},"2":{"start":{"line":18,"column":0},"end":{"line":18,"column":16}},"3":{"start":{"line":24,"column":4},"end":{"line":24,"column":35}},"4":{"start":{"line":23,"column":0},"end":{"line":23,"column":16}}},"fnMap":{"0":{"name":"createServer","decl":{"start":{"line":18,"column":16},"end":{"line":18,"column":28}},"loc":{"start":{"line":18,"column":63},"end":{"line":20,"column":1}}},"1":{"name":"createClient","decl":{"start":{"line":23,"column":16},"end":{"line":23,"column":28}},"loc":{"start":{"line":23,"column":28},"end":{"line":25,"column":1}}}},"branchMap":{},"s":{"0":1,"1":1,"2":1,"3":1,"4":1},"f":{"0":1,"1":1},"b":{}}
,"/home/dapaulid/projects/remo.io/lib/remoerror.ts": {"path":"/home/dapaulid/projects/remo.io/lib/remoerror.ts","statementMap":{"0":{"start":{"line":22,"column":24},"end":{"line":24,"column":57}},"1":{"start":{"line":26,"column":8},"end":{"line":26,"column":23}},"2":{"start":{"line":28,"column":8},"end":{"line":28,"column":32}},"3":{"start":{"line":29,"column":8},"end":{"line":29,"column":31}},"4":{"start":{"line":30,"column":8},"end":{"line":30,"column":29}},"5":{"start":{"line":31,"column":8},"end":{"line":31,"column":29}},"6":{"start":{"line":32,"column":8},"end":{"line":32,"column":31}},"7":{"start":{"line":18,"column":0},"end":{"line":18,"column":21}},"8":{"start":{"line":42,"column":4},"end":{"line":42,"column":76}},"9":{"start":{"line":46,"column":4},"end":{"line":49,"column":7}},"10":{"start":{"line":47,"column":28},"end":{"line":47,"column":56}},"11":{"start":{"line":48,"column":8},"end":{"line":48,"column":39}}},"fnMap":{"0":{"name":"(anonymous_0)","decl":{"start":{"line":20,"column":4},"end":{"line":20,"column":16}},"loc":{"start":{"line":20,"column":46},"end":{"line":33,"column":5}}},"1":{"name":"formatErrorCode","decl":{"start":{"line":41,"column":9},"end":{"line":41,"column":24}},"loc":{"start":{"line":41,"column":37},"end":{"line":43,"column":1}}},"2":{"name":"substitute","decl":{"start":{"line":45,"column":9},"end":{"line":45,"column":19}},"loc":{"start":{"line":45,"column":41},"end":{"line":50,"column":1}}},"3":{"name":"(anonymous_3)","decl":{"start":{"line":46,"column":33},"end":{"line":46,"column":34}},"loc":{"start":{"line":46,"column":47},"end":{"line":49,"column":5}}}},"branchMap":{"0":{"loc":{"start":{"line":48,"column":15},"end":{"line":48,"column":33}},"type":"binary-expr","locations":[{"start":{"line":48,"column":15},"end":{"line":48,"column":33}},{"start":{"line":48,"column":37},"end":{"line":48,"column":38}}]}},"s":{"0":4,"1":4,"2":4,"3":4,"4":4,"5":4,"6":4,"7":1,"8":4,"9":4,"10":3,"11":3},"f":{"0":4,"1":4,"2":4,"3":3},"b":{"0":[3,0]}}
,"/home/dapaulid/projects/remo.io/lib/remoteerror.ts": {"path":"/home/dapaulid/projects/remo.io/lib/remoteerror.ts","statementMap":{"0":{"start":{"line":16,"column":8},"end":{"line":16,"column":23}},"1":{"start":{"line":18,"column":8},"end":{"line":18,"column":34}},"2":{"start":{"line":19,"column":8},"end":{"line":19,"column":31}},"3":{"start":{"line":12,"column":0},"end":{"line":12,"column":21}}},"fnMap":{"0":{"name":"(anonymous_0)","decl":{"start":{"line":14,"column":4},"end":{"line":14,"column":16}},"loc":{"start":{"line":14,"column":46},"end":{"line":20,"column":5}}}},"branchMap":{},"s":{"0":0,"1":0,"2":0,"3":1},"f":{"0":0},"b":{}}
,"/home/dapaulid/projects/remo.io/lib/L0_system/index.ts": {"path":"/home/dapaulid/projects/remo.io/lib/L0_system/index.ts","statementMap":{"0":{"start":{"line":11,"column":0},"end":{"line":11,"column":7}},"1":{"start":{"line":15,"column":9},"end":{"line":11,"column":28}},"2":{"start":{"line":12,"column":0},"end":{"line":12,"column":7}},"3":{"start":{"line":15,"column":16},"end":{"line":12,"column":30}},"4":{"start":{"line":13,"column":0},"end":{"line":13,"column":7}},"5":{"start":{"line":15,"column":24},"end":{"line":13,"column":36}}},"fnMap":{},"branchMap":{},"s":{"0":1,"1":1,"2":1,"3":1,"4":1,"5":1},"f":{},"b":{}}
,"/home/dapaulid/projects/remo.io/lib/L0_system/logger.ts": {"path":"/home/dapaulid/projects/remo.io/lib/L0_system/logger.ts","statementMap":{"0":{"start":{"line":11,"column":0},"end":{"line":11,"column":37}},"1":{"start":{"line":14,"column":22},"end":{"line":14,"column":31}},"2":{"start":{"line":17,"column":0},"end":{"line":17,"column":null}},"3":{"start":{"line":18,"column":4},"end":{"line":18,"column":null}},"4":{"start":{"line":19,"column":4},"end":{"line":19,"column":null}},"5":{"start":{"line":20,"column":4},"end":{"line":20,"column":null}},"6":{"start":{"line":21,"column":4},"end":{"line":21,"column":null}},"7":{"start":{"line":22,"column":4},"end":{"line":22,"column":null}},"8":{"start":{"line":23,"column":4},"end":{"line":23,"column":null}},"9":{"start":{"line":26,"column":19},"end":{"line":33,"column":2}},"10":{"start":{"line":40,"column":8},"end":{"line":40,"column":33}},"11":{"start":{"line":41,"column":8},"end":{"line":41,"column":57}},"12":{"start":{"line":46,"column":8},"end":{"line":49,"column":null}},"13":{"start":{"line":48,"column":12},"end":{"line":48,"column":19}},"14":{"start":{"line":51,"column":19},"end":{"line":51,"column":42}},"15":{"start":{"line":52,"column":23},"end":{"line":52,"column":52}},"16":{"start":{"line":53,"column":20},"end":{"line":53,"column":67}},"17":{"start":{"line":54,"column":21},"end":{"line":54,"column":94}},"18":{"start":{"line":56,"column":8},"end":{"line":56,"column":37}},"19":{"start":{"line":60,"column":8},"end":{"line":60,"column":61}},"20":{"start":{"line":64,"column":8},"end":{"line":64,"column":61}},"21":{"start":{"line":68,"column":8},"end":{"line":68,"column":60}},"22":{"start":{"line":72,"column":8},"end":{"line":72,"column":60}},"23":{"start":{"line":76,"column":8},"end":{"line":76,"column":45}},"24":{"start":{"line":80,"column":8},"end":{"line":80,"column":45}},"25":{"start":{"line":37,"column":18},"end":{"line":37,"column":54}},"26":{"start":{"line":35,"column":0},"end":{"line":35,"column":21}}},"fnMap":{"0":{"name":"(anonymous_1)","decl":{"start":{"line":17,"column":0},"end":{"line":17,"column":12}},"loc":{"start":{"line":17,"column":20},"end":{"line":24,"column":1}}},"1":{"name":"(anonymous_2)","decl":{"start":{"line":39,"column":4},"end":{"line":39,"column":16}},"loc":{"start":{"line":39,"column":32},"end":{"line":42,"column":5}}},"2":{"name":"(anonymous_3)","decl":{"start":{"line":44,"column":14},"end":{"line":44,"column":17}},"loc":{"start":{"line":44,"column":73},"end":{"line":57,"column":5}}},"3":{"name":"(anonymous_4)","decl":{"start":{"line":59,"column":11},"end":{"line":59,"column":16}},"loc":{"start":{"line":59,"column":55},"end":{"line":61,"column":5}}},"4":{"name":"(anonymous_5)","decl":{"start":{"line":63,"column":11},"end":{"line":63,"column":16}},"loc":{"start":{"line":63,"column":55},"end":{"line":65,"column":5}}},"5":{"name":"(anonymous_6)","decl":{"start":{"line":67,"column":11},"end":{"line":67,"column":15}},"loc":{"start":{"line":67,"column":54},"end":{"line":69,"column":5}}},"6":{"name":"(anonymous_7)","decl":{"start":{"line":71,"column":11},"end":{"line":71,"column":15}},"loc":{"start":{"line":71,"column":54},"end":{"line":73,"column":5}}},"7":{"name":"(anonymous_8)","decl":{"start":{"line":75,"column":11},"end":{"line":75,"column":16}},"loc":{"start":{"line":75,"column":55},"end":{"line":77,"column":5}}},"8":{"name":"(anonymous_9)","decl":{"start":{"line":79,"column":11},"end":{"line":79,"column":18}},"loc":{"start":{"line":79,"column":57},"end":{"line":81,"column":5}}}},"branchMap":{"0":{"loc":{"start":{"line":17,"column":12},"end":{"line":17,"column":20}},"type":"binary-expr","locations":[{"start":{"line":17,"column":12},"end":{"line":17,"column":20}},{"start":{"line":17,"column":12},"end":{"line":17,"column":null}}]},"1":{"loc":{"start":{"line":46,"column":8},"end":{"line":49,"column":null}},"type":"if","locations":[{"start":{"line":46,"column":8},"end":{"line":49,"column":null}},{"start":{"line":46,"column":8},"end":{"line":49,"column":null}}]},"2":{"loc":{"start":{"line":51,"column":19},"end":{"line":51,"column":36}},"type":"binary-expr","locations":[{"start":{"line":51,"column":19},"end":{"line":51,"column":36}},{"start":{"line":51,"column":40},"end":{"line":51,"column":42}}]},"3":{"loc":{"start":{"line":52,"column":23},"end":{"line":52,"column":32}},"type":"binary-expr","locations":[{"start":{"line":52,"column":23},"end":{"line":52,"column":32}},{"start":{"line":52,"column":36},"end":{"line":52,"column":52}}]},"4":{"loc":{"start":{"line":53,"column":30},"end":{"line":53,"column":53}},"type":"cond-expr","locations":[{"start":{"line":53,"column":30},"end":{"line":53,"column":53}},{"start":{"line":53,"column":56},"end":{"line":53,"column":67}}]}},"s":{"0":1,"1":1,"2":1,"3":1,"4":1,"5":1,"6":1,"7":1,"8":1,"9":1,"10":10,"11":10,"12":0,"13":0,"14":0,"15":0,"16":0,"17":0,"18":0,"19":0,"20":0,"21":0,"22":0,"23":15,"24":0,"25":1,"26":1},"f":{"0":1,"1":10,"2":0,"3":0,"4":0,"5":0,"6":0,"7":15,"8":0},"b":{"0":[1,1],"1":[0,0],"2":[0,0],"3":[0,0],"4":[0,0]}}
,"/home/dapaulid/projects/remo.io/lib/L0_system/stopwatch.ts": {"path":"/home/dapaulid/projects/remo.io/lib/L0_system/stopwatch.ts","statementMap":{"0":{"start":{"line":14,"column":8},"end":{"line":14,"column":30}},"1":{"start":{"line":15,"column":8},"end":{"line":15,"column":29}},"2":{"start":{"line":16,"column":8},"end":{"line":16,"column":21}},"3":{"start":{"line":20,"column":8},"end":{"line":20,"column":41}},"4":{"start":{"line":21,"column":8},"end":{"line":21,"column":29}},"5":{"start":{"line":25,"column":8},"end":{"line":27,"column":null}},"6":{"start":{"line":26,"column":12},"end":{"line":26,"column":21}},"7":{"start":{"line":28,"column":8},"end":{"line":28,"column":40}},"8":{"start":{"line":30,"column":8},"end":{"line":30,"column":32}},"9":{"start":{"line":34,"column":24},"end":{"line":34,"column":35}},"10":{"start":{"line":35,"column":8},"end":{"line":35,"column":21}},"11":{"start":{"line":36,"column":8},"end":{"line":36,"column":23}},"12":{"start":{"line":40,"column":8},"end":{"line":42,"column":null}},"13":{"start":{"line":41,"column":12},"end":{"line":41,"column":21}},"14":{"start":{"line":43,"column":24},"end":{"line":43,"column":56}},"15":{"start":{"line":45,"column":8},"end":{"line":45,"column":60}},"16":{"start":{"line":49,"column":8},"end":{"line":49,"column":26}},"17":{"start":{"line":11,"column":0},"end":{"line":11,"column":21}}},"fnMap":{"0":{"name":"(anonymous_0)","decl":{"start":{"line":13,"column":4},"end":{"line":13,"column":null}},"loc":{"start":{"line":13,"column":4},"end":{"line":17,"column":5}}},"1":{"name":"(anonymous_1)","decl":{"start":{"line":19,"column":11},"end":{"line":19,"column":16}},"loc":{"start":{"line":19,"column":16},"end":{"line":22,"column":5}}},"2":{"name":"(anonymous_2)","decl":{"start":{"line":24,"column":11},"end":{"line":24,"column":15}},"loc":{"start":{"line":24,"column":15},"end":{"line":31,"column":5}}},"3":{"name":"(anonymous_3)","decl":{"start":{"line":33,"column":11},"end":{"line":33,"column":18}},"loc":{"start":{"line":33,"column":18},"end":{"line":37,"column":5}}},"4":{"name":"(anonymous_4)","decl":{"start":{"line":39,"column":11},"end":{"line":39,"column":20}},"loc":{"start":{"line":39,"column":20},"end":{"line":46,"column":5}}},"5":{"name":"(anonymous_5)","decl":{"start":{"line":48,"column":11},"end":{"line":48,"column":17}},"loc":{"start":{"line":48,"column":21},"end":{"line":50,"column":5}}}},"branchMap":{"0":{"loc":{"start":{"line":25,"column":8},"end":{"line":27,"column":null}},"type":"if","locations":[{"start":{"line":25,"column":8},"end":{"line":27,"column":null}},{"start":{"line":25,"column":8},"end":{"line":27,"column":null}}]},"1":{"loc":{"start":{"line":40,"column":8},"end":{"line":42,"column":null}},"type":"if","locations":[{"start":{"line":40,"column":8},"end":{"line":42,"column":null}},{"start":{"line":40,"column":8},"end":{"line":42,"column":null}}]},"2":{"loc":{"start":{"line":43,"column":24},"end":{"line":43,"column":37}},"type":"binary-expr","locations":[{"start":{"line":43,"column":24},"end":{"line":43,"column":37}},{"start":{"line":43,"column":41},"end":{"line":43,"column":56}}]}},"s":{"0":2,"1":2,"2":2,"3":8,"4":8,"5":6,"6":0,"7":6,"8":6,"9":6,"10":6,"11":6,"12":6,"13":0,"14":6,"15":6,"16":14,"17":1},"f":{"0":2,"1":8,"2":6,"3":6,"4":6,"5":14},"b":{"0":[0,6],"1":[0,6],"2":[6,0]}}
,"/home/dapaulid/projects/remo.io/lib/L0_system/timer.ts": {"path":"/home/dapaulid/projects/remo.io/lib/L0_system/timer.ts","statementMap":{"0":{"start":{"line":14,"column":8},"end":{"line":14,"column":33}},"1":{"start":{"line":15,"column":8},"end":{"line":15,"column":33}},"2":{"start":{"line":16,"column":8},"end":{"line":16,"column":27}},"3":{"start":{"line":20,"column":8},"end":{"line":22,"column":null}},"4":{"start":{"line":21,"column":12},"end":{"line":21,"column":67}},"5":{"start":{"line":26,"column":8},"end":{"line":29,"column":null}},"6":{"start":{"line":27,"column":12},"end":{"line":27,"column":38}},"7":{"start":{"line":28,"column":12},"end":{"line":28,"column":31}},"8":{"start":{"line":33,"column":8},"end":{"line":33,"column":20}},"9":{"start":{"line":34,"column":8},"end":{"line":34,"column":21}},"10":{"start":{"line":11,"column":0},"end":{"line":11,"column":21}}},"fnMap":{"0":{"name":"(anonymous_0)","decl":{"start":{"line":13,"column":4},"end":{"line":13,"column":16}},"loc":{"start":{"line":13,"column":56},"end":{"line":17,"column":5}}},"1":{"name":"(anonymous_1)","decl":{"start":{"line":19,"column":11},"end":{"line":19,"column":16}},"loc":{"start":{"line":19,"column":16},"end":{"line":23,"column":5}}},"2":{"name":"(anonymous_2)","decl":{"start":{"line":25,"column":11},"end":{"line":25,"column":15}},"loc":{"start":{"line":25,"column":15},"end":{"line":30,"column":5}}},"3":{"name":"(anonymous_3)","decl":{"start":{"line":32,"column":11},"end":{"line":32,"column":18}},"loc":{"start":{"line":32,"column":18},"end":{"line":35,"column":5}}}},"branchMap":{"0":{"loc":{"start":{"line":20,"column":8},"end":{"line":22,"column":null}},"type":"if","locations":[{"start":{"line":20,"column":8},"end":{"line":22,"column":null}},{"start":{"line":20,"column":8},"end":{"line":22,"column":null}}]},"1":{"loc":{"start":{"line":26,"column":8},"end":{"line":29,"column":null}},"type":"if","locations":[{"start":{"line":26,"column":8},"end":{"line":29,"column":null}},{"start":{"line":26,"column":8},"end":{"line":29,"column":null}}]}},"s":{"0":0,"1":0,"2":0,"3":0,"4":0,"5":0,"6":0,"7":0,"8":0,"9":0,"10":1},"f":{"0":0,"1":0,"2":0,"3":0},"b":{"0":[0,0],"1":[0,0]}}
,"/home/dapaulid/projects/remo.io/lib/L1_transport/clientsocket-sio.ts": {"path":"/home/dapaulid/projects/remo.io/lib/L1_transport/clientsocket-sio.ts","statementMap":{"0":{"start":{"line":11,"column":0},"end":{"line":11,"column":30}},"1":{"start":{"line":12,"column":0},"end":{"line":12,"column":35}},"2":{"start":{"line":13,"column":0},"end":{"line":13,"column":36}},"3":{"start":{"line":16,"column":0},"end":{"line":16,"column":34}},"4":{"start":{"line":19,"column":15},"end":{"line":19,"column":51}},"5":{"start":{"line":25,"column":8},"end":{"line":25,"column":16}},"6":{"start":{"line":26,"column":8},"end":{"line":26,"column":27}},"7":{"start":{"line":27,"column":8},"end":{"line":27,"column":29}},"8":{"start":{"line":29,"column":8},"end":{"line":29,"column":35}},"9":{"start":{"line":33,"column":8},"end":{"line":33,"column":42}},"10":{"start":{"line":35,"column":8},"end":{"line":43,"column":null}},"11":{"start":{"line":36,"column":12},"end":{"line":42,"column":15}},"12":{"start":{"line":37,"column":16},"end":{"line":41,"column":19}},"13":{"start":{"line":38,"column":20},"end":{"line":38,"column":41}},"14":{"start":{"line":40,"column":20},"end":{"line":40,"column":40}},"15":{"start":{"line":47,"column":8},"end":{"line":47,"column":35}},"16":{"start":{"line":48,"column":8},"end":{"line":50,"column":11}},"17":{"start":{"line":49,"column":12},"end":{"line":49,"column":29}},"18":{"start":{"line":52,"column":8},"end":{"line":63,"column":11}},"19":{"start":{"line":54,"column":12},"end":{"line":62,"column":null}},"20":{"start":{"line":55,"column":16},"end":{"line":61,"column":19}},"21":{"start":{"line":56,"column":20},"end":{"line":60,"column":23}},"22":{"start":{"line":57,"column":24},"end":{"line":57,"column":45}},"23":{"start":{"line":59,"column":24},"end":{"line":59,"column":69}},"24":{"start":{"line":64,"column":8},"end":{"line":73,"column":11}},"25":{"start":{"line":65,"column":12},"end":{"line":72,"column":null}},"26":{"start":{"line":68,"column":16},"end":{"line":68,"column":36}},"27":{"start":{"line":71,"column":16},"end":{"line":71,"column":32}},"28":{"start":{"line":74,"column":8},"end":{"line":76,"column":11}},"29":{"start":{"line":75,"column":12},"end":{"line":75,"column":32}},"30":{"start":{"line":77,"column":8},"end":{"line":79,"column":11}},"31":{"start":{"line":78,"column":12},"end":{"line":78,"column":42}},"32":{"start":{"line":80,"column":8},"end":{"line":82,"column":11}},"33":{"start":{"line":81,"column":12},"end":{"line":81,"column":28}},"34":{"start":{"line":86,"column":8},"end":{"line":88,"column":null}},"35":{"start":{"line":87,"column":12},"end":{"line":87,"column":32}},"36":{"start":{"line":92,"column":8},"end":{"line":98,"column":11}},"37":{"start":{"line":93,"column":12},"end":{"line":97,"column":null}},"38":{"start":{"line":94,"column":16},"end":{"line":96,"column":19}},"39":{"start":{"line":95,"column":20},"end":{"line":95,"column":35}},"40":{"start":{"line":102,"column":8},"end":{"line":105,"column":null}},"41":{"start":{"line":103,"column":12},"end":{"line":103,"column":45}},"42":{"start":{"line":104,"column":12},"end":{"line":104,"column":31}},"43":{"start":{"line":21,"column":0},"end":{"line":21,"column":21}}},"fnMap":{"0":{"name":"(anonymous_2)","decl":{"start":{"line":23,"column":4},"end":{"line":23,"column":16}},"loc":{"start":{"line":23,"column":28},"end":{"line":30,"column":5}}},"1":{"name":"(anonymous_3)","decl":{"start":{"line":32,"column":11},"end":{"line":32,"column":18}},"loc":{"start":{"line":32,"column":63},"end":{"line":44,"column":5}}},"2":{"name":"(anonymous_4)","decl":{"start":{"line":36,"column":42},"end":{"line":36,"column":43}},"loc":{"start":{"line":36,"column":91},"end":{"line":42,"column":13}}},"3":{"name":"(anonymous_5)","decl":{"start":{"line":37,"column":38},"end":{"line":37,"column":39}},"loc":{"start":{"line":37,"column":54},"end":{"line":39,"column":17}}},"4":{"name":"(anonymous_6)","decl":{"start":{"line":39,"column":25},"end":{"line":39,"column":26}},"loc":{"start":{"line":39,"column":40},"end":{"line":41,"column":17}}},"5":{"name":"(anonymous_7)","decl":{"start":{"line":46,"column":14},"end":{"line":46,"column":23}},"loc":{"start":{"line":46,"column":23},"end":{"line":83,"column":5}}},"6":{"name":"(anonymous_8)","decl":{"start":{"line":48,"column":34},"end":{"line":48,"column":37}},"loc":{"start":{"line":48,"column":39},"end":{"line":50,"column":9}}},"7":{"name":"(anonymous_9)","decl":{"start":{"line":52,"column":31},"end":{"line":52,"column":32}},"loc":{"start":{"line":52,"column":89},"end":{"line":63,"column":9}}},"8":{"name":"(anonymous_10)","decl":{"start":{"line":55,"column":46},"end":{"line":55,"column":47}},"loc":{"start":{"line":55,"column":95},"end":{"line":61,"column":17}}},"9":{"name":"(anonymous_11)","decl":{"start":{"line":56,"column":42},"end":{"line":56,"column":43}},"loc":{"start":{"line":56,"column":53},"end":{"line":58,"column":21}}},"10":{"name":"(anonymous_12)","decl":{"start":{"line":58,"column":29},"end":{"line":58,"column":30}},"loc":{"start":{"line":58,"column":39},"end":{"line":60,"column":21}}},"11":{"name":"(anonymous_13)","decl":{"start":{"line":64,"column":37},"end":{"line":64,"column":38}},"loc":{"start":{"line":64,"column":56},"end":{"line":73,"column":9}}},"12":{"name":"(anonymous_14)","decl":{"start":{"line":74,"column":39},"end":{"line":74,"column":40}},"loc":{"start":{"line":74,"column":59},"end":{"line":76,"column":9}}},"13":{"name":"(anonymous_15)","decl":{"start":{"line":77,"column":32},"end":{"line":77,"column":33}},"loc":{"start":{"line":77,"column":45},"end":{"line":79,"column":9}}},"14":{"name":"(anonymous_16)","decl":{"start":{"line":80,"column":40},"end":{"line":80,"column":41}},"loc":{"start":{"line":80,"column":53},"end":{"line":82,"column":9}}},"15":{"name":"(anonymous_17)","decl":{"start":{"line":85,"column":14},"end":{"line":85,"column":26}},"loc":{"start":{"line":85,"column":26},"end":{"line":89,"column":5}}},"16":{"name":"(anonymous_18)","decl":{"start":{"line":91,"column":14},"end":{"line":91,"column":20}},"loc":{"start":{"line":91,"column":47},"end":{"line":99,"column":5}}},"17":{"name":"(anonymous_19)","decl":{"start":{"line":92,"column":27},"end":{"line":92,"column":28}},"loc":{"start":{"line":92,"column":47},"end":{"line":98,"column":9}}},"18":{"name":"(anonymous_20)","decl":{"start":{"line":94,"column":57},"end":{"line":94,"column":58}},"loc":{"start":{"line":94,"column":72},"end":{"line":96,"column":17}}},"19":{"name":"(anonymous_21)","decl":{"start":{"line":101,"column":14},"end":{"line":101,"column":21}},"loc":{"start":{"line":101,"column":21},"end":{"line":106,"column":5}}}},"branchMap":{"0":{"loc":{"start":{"line":27,"column":19},"end":{"line":27,"column":22}},"type":"binary-expr","locations":[{"start":{"line":27,"column":19},"end":{"line":27,"column":22}},{"start":{"line":27,"column":26},"end":{"line":27,"column":28}}]},"1":{"loc":{"start":{"line":35,"column":8},"end":{"line":43,"column":null}},"type":"if","locations":[{"start":{"line":35,"column":8},"end":{"line":43,"column":null}},{"start":{"line":35,"column":8},"end":{"line":43,"column":null}}]},"2":{"loc":{"start":{"line":54,"column":12},"end":{"line":62,"column":null}},"type":"if","locations":[{"start":{"line":54,"column":12},"end":{"line":62,"column":null}},{"start":{"line":54,"column":12},"end":{"line":62,"column":null}}]},"3":{"loc":{"start":{"line":65,"column":12},"end":{"line":72,"column":null}},"type":"if","locations":[{"start":{"line":65,"column":12},"end":{"line":72,"column":null}},{"start":{"line":65,"column":12},"end":{"line":72,"column":null}}]},"4":{"loc":{"start":{"line":86,"column":8},"end":{"line":88,"column":null}},"type":"if","locations":[{"start":{"line":86,"column":8},"end":{"line":88,"column":null}},{"start":{"line":86,"column":8},"end":{"line":88,"column":null}}]},"5":{"loc":{"start":{"line":93,"column":12},"end":{"line":97,"column":null}},"type":"if","locations":[{"start":{"line":93,"column":12},"end":{"line":97,"column":null}},{"start":{"line":93,"column":12},"end":{"line":97,"column":null}}]},"6":{"loc":{"start":{"line":102,"column":8},"end":{"line":105,"column":null}},"type":"if","locations":[{"start":{"line":102,"column":8},"end":{"line":105,"column":null}},{"start":{"line":102,"column":8},"end":{"line":105,"column":null}}]}},"s":{"0":1,"1":1,"2":1,"3":1,"4":1,"5":1,"6":1,"7":1,"8":1,"9":4,"10":4,"11":4,"12":2,"13":2,"14":0,"15":1,"16":1,"17":1,"18":1,"19":0,"20":0,"21":0,"22":0,"23":0,"24":1,"25":1,"26":0,"27":1,"28":1,"29":0,"30":1,"31":0,"32":1,"33":0,"34":1,"35":1,"36":2,"37":2,"38":2,"39":2,"40":0,"41":0,"42":0,"43":1},"f":{"0":1,"1":4,"2":2,"3":2,"4":0,"5":1,"6":1,"7":0,"8":0,"9":0,"10":0,"11":1,"12":0,"13":0,"14":0,"15":1,"16":2,"17":2,"18":2,"19":0},"b":{"0":[1,0],"1":[4,0],"2":[0,0],"3":[0,1],"4":[1,0],"5":[2,0],"6":[0,0]}}
,"/home/dapaulid/projects/remo.io/lib/L1_transport/errors.ts": {"path":"/home/dapaulid/projects/remo.io/lib/L1_transport/errors.ts","statementMap":{"0":{"start":{"line":11,"column":13},"end":{"line":11,"column":132}},"1":{"start":{"line":12,"column":13},"end":{"line":12,"column":128}},"2":{"start":{"line":13,"column":13},"end":{"line":13,"column":128}},"3":{"start":{"line":14,"column":13},"end":{"line":14,"column":137}},"4":{"start":{"line":15,"column":13},"end":{"line":15,"column":146}},"5":{"start":{"line":16,"column":13},"end":{"line":16,"column":124}},"6":{"start":{"line":17,"column":13},"end":{"line":17,"column":128}}},"fnMap":{},"branchMap":{},"s":{"0":1,"1":1,"2":1,"3":1,"4":1,"5":1,"6":1},"f":{},"b":{}}
,"/home/dapaulid/projects/remo.io/lib/L1_transport/index.ts": {"path":"/home/dapaulid/projects/remo.io/lib/L1_transport/index.ts","statementMap":{"0":{"start":{"line":12,"column":0},"end":{"line":12,"column":35}},"1":{"start":{"line":16,"column":0},"end":{"line":16,"column":7}},"2":{"start":{"line":22,"column":4},"end":{"line":16,"column":50}},"3":{"start":{"line":17,"column":0},"end":{"line":17,"column":7}},"4":{"start":{"line":22,"column":22},"end":{"line":17,"column":50}},"5":{"start":{"line":18,"column":0},"end":{"line":18,"column":7}},"6":{"start":{"line":22,"column":40},"end":{"line":18,"column":50}},"7":{"start":{"line":19,"column":0},"end":{"line":19,"column":7}},"8":{"start":{"line":23,"column":4},"end":{"line":19,"column":36}}},"fnMap":{},"branchMap":{},"s":{"0":1,"1":1,"2":1,"3":1,"4":1,"5":1,"6":1,"7":1,"8":1},"f":{},"b":{}}
,"/home/dapaulid/projects/remo.io/lib/L1_transport/linkstate.ts": {"path":"/home/dapaulid/projects/remo.io/lib/L1_transport/linkstate.ts","statementMap":{"0":{"start":{"line":11,"column":1},"end":{"line":11,"column":null}},"1":{"start":{"line":12,"column":4},"end":{"line":12,"column":null}},"2":{"start":{"line":13,"column":4},"end":{"line":13,"column":null}},"3":{"start":{"line":14,"column":4},"end":{"line":14,"column":null}},"4":{"start":{"line":15,"column":4},"end":{"line":15,"column":null}},"5":{"start":{"line":16,"column":4},"end":{"line":16,"column":null}},"6":{"start":{"line":17,"column":4},"end":{"line":17,"column":null}},"7":{"start":{"line":20,"column":1},"end":{"line":20,"column":26}}},"fnMap":{"0":{"name":"(anonymous_0)","decl":{"start":{"line":11,"column":1},"end":{"line":11,"column":6}},"loc":{"start":{"line":11,"column":15},"end":{"line":18,"column":1}}}},"branchMap":{"0":{"loc":{"start":{"line":11,"column":6},"end":{"line":11,"column":15}},"type":"binary-expr","locations":[{"start":{"line":11,"column":6},"end":{"line":11,"column":15}},{"start":{"line":11,"column":6},"end":{"line":11,"column":null}}]}},"s":{"0":1,"1":1,"2":1,"3":1,"4":1,"5":1,"6":1,"7":1},"f":{"0":1},"b":{"0":[1,1]}}
,"/home/dapaulid/projects/remo.io/lib/L1_transport/serversocket-sio.ts": {"path":"/home/dapaulid/projects/remo.io/lib/L1_transport/serversocket-sio.ts","statementMap":{"0":{"start":{"line":11,"column":0},"end":{"line":11,"column":30}},"1":{"start":{"line":12,"column":0},"end":{"line":12,"column":35}},"2":{"start":{"line":13,"column":0},"end":{"line":13,"column":36}},"3":{"start":{"line":19,"column":15},"end":{"line":19,"column":51}},"4":{"start":{"line":25,"column":8},"end":{"line":25,"column":16}},"5":{"start":{"line":26,"column":8},"end":{"line":26,"column":29}},"6":{"start":{"line":28,"column":8},"end":{"line":30,"column":11}},"7":{"start":{"line":29,"column":12},"end":{"line":29,"column":32}},"8":{"start":{"line":32,"column":8},"end":{"line":34,"column":null}},"9":{"start":{"line":33,"column":12},"end":{"line":33,"column":29}},"10":{"start":{"line":38,"column":8},"end":{"line":51,"column":null}},"11":{"start":{"line":39,"column":12},"end":{"line":50,"column":15}},"12":{"start":{"line":40,"column":16},"end":{"line":49,"column":null}},"13":{"start":{"line":41,"column":20},"end":{"line":45,"column":23}},"14":{"start":{"line":42,"column":24},"end":{"line":42,"column":45}},"15":{"start":{"line":44,"column":24},"end":{"line":44,"column":69}},"16":{"start":{"line":47,"column":20},"end":{"line":47,"column":83}},"17":{"start":{"line":48,"column":20},"end":{"line":48,"column":65}},"18":{"start":{"line":55,"column":8},"end":{"line":55,"column":81}},"19":{"start":{"line":59,"column":8},"end":{"line":61,"column":null}},"20":{"start":{"line":60,"column":12},"end":{"line":60,"column":37}},"21":{"start":{"line":65,"column":8},"end":{"line":73,"column":11}},"22":{"start":{"line":66,"column":12},"end":{"line":72,"column":null}},"23":{"start":{"line":67,"column":16},"end":{"line":69,"column":19}},"24":{"start":{"line":68,"column":20},"end":{"line":68,"column":35}},"25":{"start":{"line":71,"column":16},"end":{"line":71,"column":72}},"26":{"start":{"line":77,"column":8},"end":{"line":80,"column":null}},"27":{"start":{"line":78,"column":12},"end":{"line":78,"column":45}},"28":{"start":{"line":79,"column":12},"end":{"line":79,"column":31}},"29":{"start":{"line":21,"column":0},"end":{"line":21,"column":21}}},"fnMap":{"0":{"name":"(anonymous_2)","decl":{"start":{"line":23,"column":4},"end":{"line":23,"column":16}},"loc":{"start":{"line":23,"column":39},"end":{"line":35,"column":5}}},"1":{"name":"(anonymous_3)","decl":{"start":{"line":28,"column":37},"end":{"line":28,"column":40}},"loc":{"start":{"line":28,"column":42},"end":{"line":30,"column":9}}},"2":{"name":"(anonymous_4)","decl":{"start":{"line":37,"column":11},"end":{"line":37,"column":18}},"loc":{"start":{"line":37,"column":72},"end":{"line":52,"column":5}}},"3":{"name":"(anonymous_5)","decl":{"start":{"line":39,"column":42},"end":{"line":39,"column":43}},"loc":{"start":{"line":39,"column":91},"end":{"line":50,"column":13}}},"4":{"name":"(anonymous_6)","decl":{"start":{"line":41,"column":42},"end":{"line":41,"column":43}},"loc":{"start":{"line":41,"column":53},"end":{"line":43,"column":21}}},"5":{"name":"(anonymous_7)","decl":{"start":{"line":43,"column":29},"end":{"line":43,"column":30}},"loc":{"start":{"line":43,"column":39},"end":{"line":45,"column":21}}},"6":{"name":"(anonymous_8)","decl":{"start":{"line":54,"column":14},"end":{"line":54,"column":23}},"loc":{"start":{"line":54,"column":23},"end":{"line":56,"column":5}}},"7":{"name":"(anonymous_9)","decl":{"start":{"line":58,"column":14},"end":{"line":58,"column":26}},"loc":{"start":{"line":58,"column":26},"end":{"line":62,"column":5}}},"8":{"name":"(anonymous_10)","decl":{"start":{"line":64,"column":14},"end":{"line":64,"column":20}},"loc":{"start":{"line":64,"column":47},"end":{"line":74,"column":5}}},"9":{"name":"(anonymous_11)","decl":{"start":{"line":65,"column":27},"end":{"line":65,"column":28}},"loc":{"start":{"line":65,"column":47},"end":{"line":73,"column":9}}},"10":{"name":"(anonymous_12)","decl":{"start":{"line":67,"column":57},"end":{"line":67,"column":58}},"loc":{"start":{"line":67,"column":72},"end":{"line":69,"column":17}}},"11":{"name":"(anonymous_13)","decl":{"start":{"line":76,"column":14},"end":{"line":76,"column":21}},"loc":{"start":{"line":76,"column":21},"end":{"line":81,"column":5}}}},"branchMap":{"0":{"loc":{"start":{"line":32,"column":8},"end":{"line":34,"column":null}},"type":"if","locations":[{"start":{"line":32,"column":8},"end":{"line":34,"column":null}},{"start":{"line":32,"column":8},"end":{"line":34,"column":null}}]},"1":{"loc":{"start":{"line":38,"column":8},"end":{"line":51,"column":null}},"type":"if","locations":[{"start":{"line":38,"column":8},"end":{"line":51,"column":null}},{"start":{"line":38,"column":8},"end":{"line":51,"column":null}}]},"2":{"loc":{"start":{"line":59,"column":8},"end":{"line":61,"column":null}},"type":"if","locations":[{"start":{"line":59,"column":8},"end":{"line":61,"column":null}},{"start":{"line":59,"column":8},"end":{"line":61,"column":null}}]},"3":{"loc":{"start":{"line":66,"column":12},"end":{"line":72,"column":null}},"type":"if","locations":[{"start":{"line":66,"column":12},"end":{"line":72,"column":null}},{"start":{"line":66,"column":12},"end":{"line":72,"column":null}}]},"4":{"loc":{"start":{"line":77,"column":8},"end":{"line":80,"column":null}},"type":"if","locations":[{"start":{"line":77,"column":8},"end":{"line":80,"column":null}},{"start":{"line":77,"column":8},"end":{"line":80,"column":null}}]}},"s":{"0":1,"1":1,"2":1,"3":1,"4":1,"5":1,"6":1,"7":1,"8":1,"9":1,"10":4,"11":4,"12":2,"13":2,"14":2,"15":0,"16":0,"17":0,"18":0,"19":0,"20":0,"21":2,"22":2,"23":2,"24":2,"25":0,"26":1,"27":1,"28":1,"29":1},"f":{"0":1,"1":1,"2":4,"3":2,"4":2,"5":0,"6":0,"7":0,"8":2,"9":2,"10":2,"11":1},"b":{"0":[1,0],"1":[4,0],"2":[0,0],"3":[2,0],"4":[1,0]}}
,"/home/dapaulid/projects/remo.io/lib/L1_transport/socket.ts": {"path":"/home/dapaulid/projects/remo.io/lib/L1_transport/socket.ts","statementMap":{"0":{"start":{"line":12,"column":0},"end":{"line":12,"column":35}},"1":{"start":{"line":14,"column":0},"end":{"line":14,"column":36}},"2":{"start":{"line":18,"column":15},"end":{"line":18,"column":41}},"3":{"start":{"line":30,"column":8},"end":{"line":30,"column":35}},"4":{"start":{"line":31,"column":8},"end":{"line":31,"column":44}},"5":{"start":{"line":32,"column":8},"end":{"line":32,"column":45}},"6":{"start":{"line":35,"column":8},"end":{"line":35,"column":25}},"7":{"start":{"line":36,"column":8},"end":{"line":36,"column":27}},"8":{"start":{"line":41,"column":8},"end":{"line":41,"column":44}},"9":{"start":{"line":42,"column":8},"end":{"line":42,"column":25}},"10":{"start":{"line":47,"column":8},"end":{"line":47,"column":47}},"11":{"start":{"line":48,"column":8},"end":{"line":48,"column":28}},"12":{"start":{"line":52,"column":8},"end":{"line":52,"column":26}},"13":{"start":{"line":56,"column":8},"end":{"line":56,"column":42}},"14":{"start":{"line":61,"column":8},"end":{"line":61,"column":43}},"15":{"start":{"line":66,"column":8},"end":{"line":66,"column":46}},"16":{"start":{"line":68,"column":8},"end":{"line":68,"column":23}},"17":{"start":{"line":73,"column":8},"end":{"line":73,"column":42}},"18":{"start":{"line":78,"column":8},"end":{"line":78,"column":46}},"19":{"start":{"line":82,"column":25},"end":{"line":82,"column":35}},"20":{"start":{"line":83,"column":8},"end":{"line":83,"column":27}},"21":{"start":{"line":84,"column":24},"end":{"line":84,"column":49}},"22":{"start":{"line":86,"column":8},"end":{"line":86,"column":83}},"23":{"start":{"line":88,"column":8},"end":{"line":90,"column":null}},"24":{"start":{"line":89,"column":12},"end":{"line":89,"column":44}},"25":{"start":{"line":20,"column":0},"end":{"line":20,"column":30}}},"fnMap":{"0":{"name":"(anonymous_2)","decl":{"start":{"line":28,"column":4},"end":{"line":28,"column":null}},"loc":{"start":{"line":28,"column":4},"end":{"line":37,"column":5}}},"1":{"name":"(anonymous_3)","decl":{"start":{"line":39,"column":11},"end":{"line":39,"column":18}},"loc":{"start":{"line":39,"column":18},"end":{"line":43,"column":5}}},"2":{"name":"(anonymous_4)","decl":{"start":{"line":45,"column":11},"end":{"line":45,"column":21}},"loc":{"start":{"line":45,"column":21},"end":{"line":49,"column":5}}},"3":{"name":"(anonymous_5)","decl":{"start":{"line":51,"column":11},"end":{"line":51,"column":19}},"loc":{"start":{"line":51,"column":19},"end":{"line":53,"column":5}}},"4":{"name":"(anonymous_6)","decl":{"start":{"line":55,"column":11},"end":{"line":55,"column":15}},"loc":{"start":{"line":55,"column":42},"end":{"line":57,"column":5}}},"5":{"name":"(anonymous_7)","decl":{"start":{"line":59,"column":14},"end":{"line":59,"column":23}},"loc":{"start":{"line":59,"column":23},"end":{"line":62,"column":5}}},"6":{"name":"(anonymous_8)","decl":{"start":{"line":64,"column":14},"end":{"line":64,"column":26}},"loc":{"start":{"line":64,"column":26},"end":{"line":69,"column":5}}},"7":{"name":"(anonymous_9)","decl":{"start":{"line":71,"column":14},"end":{"line":71,"column":22}},"loc":{"start":{"line":71,"column":22},"end":{"line":74,"column":5}}},"8":{"name":"(anonymous_10)","decl":{"start":{"line":76,"column":14},"end":{"line":76,"column":26}},"loc":{"start":{"line":76,"column":26},"end":{"line":79,"column":5}}},"9":{"name":"(anonymous_11)","decl":{"start":{"line":81,"column":14},"end":{"line":81,"column":22}},"loc":{"start":{"line":81,"column":39},"end":{"line":91,"column":5}}}},"branchMap":{"0":{"loc":{"start":{"line":88,"column":8},"end":{"line":90,"column":null}},"type":"if","locations":[{"start":{"line":88,"column":8},"end":{"line":90,"column":null}},{"start":{"line":88,"column":8},"end":{"line":90,"column":null}}]}},"s":{"0":1,"1":1,"2":1,"3":2,"4":2,"5":2,"6":2,"7":2,"8":1,"9":1,"10":1,"11":1,"12":2,"13":4,"14":2,"15":1,"16":1,"17":1,"18":0,"19":6,"20":6,"21":6,"22":6,"23":6,"24":4,"25":1},"f":{"0":2,"1":1,"2":1,"3":2,"4":4,"5":2,"6":1,"7":1,"8":0,"9":6},"b":{"0":[4,2]}}
,"/home/dapaulid/projects/remo.io/lib/L1_transport/socketserver-sio.ts": {"path":"/home/dapaulid/projects/remo.io/lib/L1_transport/socketserver-sio.ts","statementMap":{"0":{"start":{"line":11,"column":0},"end":{"line":11,"column":27}},"1":{"start":{"line":13,"column":0},"end":{"line":13,"column":42}},"2":{"start":{"line":14,"column":0},"end":{"line":14,"column":50}},"3":{"start":{"line":15,"column":0},"end":{"line":15,"column":35}},"4":{"start":{"line":19,"column":15},"end":{"line":19,"column":51}},"5":{"start":{"line":25,"column":8},"end":{"line":25,"column":16}},"6":{"start":{"line":27,"column":8},"end":{"line":30,"column":11}},"7":{"start":{"line":32,"column":8},"end":{"line":34,"column":11}},"8":{"start":{"line":33,"column":12},"end":{"line":33,"column":60}},"9":{"start":{"line":38,"column":8},"end":{"line":38,"column":31}},"10":{"start":{"line":39,"column":8},"end":{"line":39,"column":24}},"11":{"start":{"line":21,"column":0},"end":{"line":21,"column":21}}},"fnMap":{"0":{"name":"(anonymous_2)","decl":{"start":{"line":23,"column":4},"end":{"line":23,"column":16}},"loc":{"start":{"line":23,"column":45},"end":{"line":35,"column":5}}},"1":{"name":"(anonymous_3)","decl":{"start":{"line":32,"column":33},"end":{"line":32,"column":34}},"loc":{"start":{"line":32,"column":64},"end":{"line":34,"column":9}}},"2":{"name":"(anonymous_4)","decl":{"start":{"line":37,"column":11},"end":{"line":37,"column":19}},"loc":{"start":{"line":37,"column":19},"end":{"line":40,"column":5}}}},"branchMap":{},"s":{"0":1,"1":1,"2":1,"3":1,"4":1,"5":1,"6":1,"7":1,"8":1,"9":1,"10":1,"11":1},"f":{"0":1,"1":1,"2":1},"b":{}}
,"/home/dapaulid/projects/remo.io/lib/L1_transport/socketserver.ts": {"path":"/home/dapaulid/projects/remo.io/lib/L1_transport/socketserver.ts","statementMap":{"0":{"start":{"line":13,"column":0},"end":{"line":13,"column":35}},"1":{"start":{"line":16,"column":15},"end":{"line":16,"column":47}},"2":{"start":{"line":22,"column":8},"end":{"line":22,"column":32}},"3":{"start":{"line":23,"column":8},"end":{"line":23,"column":35}},"4":{"start":{"line":29,"column":8},"end":{"line":31,"column":null}},"5":{"start":{"line":30,"column":12},"end":{"line":30,"column":37}},"6":{"start":{"line":35,"column":8},"end":{"line":37,"column":null}},"7":{"start":{"line":36,"column":12},"end":{"line":36,"column":40}},"8":{"start":{"line":18,"column":0},"end":{"line":18,"column":30}}},"fnMap":{"0":{"name":"(anonymous_1)","decl":{"start":{"line":20,"column":4},"end":{"line":20,"column":null}},"loc":{"start":{"line":20,"column":4},"end":{"line":24,"column":5}}},"1":{"name":"(anonymous_2)","decl":{"start":{"line":28,"column":14},"end":{"line":28,"column":23}},"loc":{"start":{"line":28,"column":39},"end":{"line":32,"column":5}}},"2":{"name":"(anonymous_3)","decl":{"start":{"line":34,"column":14},"end":{"line":34,"column":26}},"loc":{"start":{"line":34,"column":42},"end":{"line":38,"column":5}}}},"branchMap":{"0":{"loc":{"start":{"line":29,"column":8},"end":{"line":31,"column":null}},"type":"if","locations":[{"start":{"line":29,"column":8},"end":{"line":31,"column":null}},{"start":{"line":29,"column":8},"end":{"line":31,"column":null}}]},"1":{"loc":{"start":{"line":35,"column":8},"end":{"line":37,"column":null}},"type":"if","locations":[{"start":{"line":35,"column":8},"end":{"line":37,"column":null}},{"start":{"line":35,"column":8},"end":{"line":37,"column":null}}]}},"s":{"0":1,"1":1,"2":1,"3":1,"4":1,"5":1,"6":0,"7":0,"8":1},"f":{"0":1,"1":1,"2":0},"b":{"0":[1,0],"1":[0,0]}}
,"/home/dapaulid/projects/remo.io/lib/L3_presentation/errors.ts": {"path":"/home/dapaulid/projects/remo.io/lib/L3_presentation/errors.ts","statementMap":{"0":{"start":{"line":11,"column":13},"end":{"line":11,"column":135}},"1":{"start":{"line":12,"column":13},"end":{"line":12,"column":158}},"2":{"start":{"line":13,"column":13},"end":{"line":13,"column":160}},"3":{"start":{"line":14,"column":13},"end":{"line":14,"column":153}},"4":{"start":{"line":15,"column":13},"end":{"line":15,"column":151}}},"fnMap":{},"branchMap":{},"s":{"0":1,"1":1,"2":1,"3":1,"4":1},"f":{},"b":{}}
,"/home/dapaulid/projects/remo.io/lib/L3_presentation/index.ts": {"path":"/home/dapaulid/projects/remo.io/lib/L3_presentation/index.ts","statementMap":{"0":{"start":{"line":11,"column":0},"end":{"line":11,"column":7}},"1":{"start":{"line":14,"column":4},"end":{"line":11,"column":38}}},"fnMap":{},"branchMap":{},"s":{"0":1,"1":1},"f":{},"b":{}}
,"/home/dapaulid/projects/remo.io/lib/L3_presentation/serializer.ts": {"path":"/home/dapaulid/projects/remo.io/lib/L3_presentation/serializer.ts","statementMap":{"0":{"start":{"line":24,"column":0},"end":{"line":24,"column":35}},"1":{"start":{"line":25,"column":0},"end":{"line":25,"column":37}},"2":{"start":{"line":28,"column":4},"end":{"line":28,"column":76}},"3":{"start":{"line":32,"column":4},"end":{"line":32,"column":28}},"4":{"start":{"line":38,"column":8},"end":{"line":38,"column":33}},"5":{"start":{"line":39,"column":8},"end":{"line":39,"column":38}},"6":{"start":{"line":40,"column":8},"end":{"line":40,"column":38}},"7":{"start":{"line":43,"column":8},"end":{"line":57,"column":11}},"8":{"start":{"line":45,"column":40},"end":{"line":45,"column":42}},"9":{"start":{"line":46,"column":16},"end":{"line":48,"column":null}},"10":{"start":{"line":47,"column":20},"end":{"line":47,"column":63}},"11":{"start":{"line":49,"column":16},"end":{"line":49,"column":34}},"12":{"start":{"line":51,"column":33},"end":{"line":51,"column":35}},"13":{"start":{"line":52,"column":16},"end":{"line":54,"column":null}},"14":{"start":{"line":53,"column":20},"end":{"line":53,"column":65}},"15":{"start":{"line":55,"column":16},"end":{"line":55,"column":27}},"16":{"start":{"line":59,"column":8},"end":{"line":65,"column":11}},"17":{"start":{"line":61,"column":16},"end":{"line":61,"column":37}},"18":{"start":{"line":63,"column":16},"end":{"line":63,"column":78}},"19":{"start":{"line":68,"column":8},"end":{"line":68,"column":34}},"20":{"start":{"line":69,"column":8},"end":{"line":69,"column":44}},"21":{"start":{"line":70,"column":8},"end":{"line":70,"column":46}},"22":{"start":{"line":71,"column":8},"end":{"line":71,"column":46}},"23":{"start":{"line":76,"column":26},"end":{"line":76,"column":54}},"24":{"start":{"line":77,"column":8},"end":{"line":79,"column":null}},"25":{"start":{"line":78,"column":12},"end":{"line":78,"column":40}},"26":{"start":{"line":80,"column":8},"end":{"line":97,"column":null}},"27":{"start":{"line":82,"column":12},"end":{"line":93,"column":null}},"28":{"start":{"line":83,"column":16},"end":{"line":83,"column":74}},"29":{"start":{"line":85,"column":33},"end":{"line":85,"column":55}},"30":{"start":{"line":86,"column":32},"end":{"line":86,"column":58}},"31":{"start":{"line":87,"column":16},"end":{"line":89,"column":null}},"32":{"start":{"line":88,"column":20},"end":{"line":88,"column":91}},"33":{"start":{"line":90,"column":16},"end":{"line":92,"column":18}},"34":{"start":{"line":96,"column":12},"end":{"line":96,"column":25}},"35":{"start":{"line":101,"column":8},"end":{"line":129,"column":null}},"36":{"start":{"line":103,"column":12},"end":{"line":125,"column":null}},"37":{"start":{"line":104,"column":16},"end":{"line":104,"column":62}},"38":{"start":{"line":106,"column":29},"end":{"line":106,"column":52}},"39":{"start":{"line":107,"column":16},"end":{"line":109,"column":null}},"40":{"start":{"line":108,"column":20},"end":{"line":108,"column":68}},"41":{"start":{"line":110,"column":33},"end":{"line":110,"column":40}},"42":{"start":{"line":111,"column":30},"end":{"line":111,"column":50}},"43":{"start":{"line":113,"column":16},"end":{"line":119,"column":null}},"44":{"start":{"line":114,"column":39},"end":{"line":114,"column":67}},"45":{"start":{"line":115,"column":20},"end":{"line":117,"column":null}},"46":{"start":{"line":116,"column":24},"end":{"line":116,"column":94}},"47":{"start":{"line":118,"column":20},"end":{"line":118,"column":38}},"48":{"start":{"line":120,"column":32},"end":{"line":120,"column":58}},"49":{"start":{"line":121,"column":16},"end":{"line":123,"column":null}},"50":{"start":{"line":122,"column":20},"end":{"line":122,"column":93}},"51":{"start":{"line":124,"column":16},"end":{"line":124,"column":50}},"52":{"start":{"line":128,"column":12},"end":{"line":128,"column":30}},"53":{"start":{"line":133,"column":8},"end":{"line":133,"column":43}},"54":{"start":{"line":137,"column":8},"end":{"line":137,"column":43}},"55":{"start":{"line":138,"column":8},"end":{"line":138,"column":43}},"56":{"start":{"line":35,"column":0},"end":{"line":35,"column":21}}},"fnMap":{"0":{"name":"isRefType","decl":{"start":{"line":27,"column":9},"end":{"line":27,"column":18}},"loc":{"start":{"line":27,"column":25},"end":{"line":29,"column":1}}},"1":{"name":"isArray","decl":{"start":{"line":31,"column":9},"end":{"line":31,"column":16}},"loc":{"start":{"line":31,"column":23},"end":{"line":33,"column":1}}},"2":{"name":"(anonymous_4)","decl":{"start":{"line":37,"column":4},"end":{"line":37,"column":null}},"loc":{"start":{"line":37,"column":4},"end":{"line":72,"column":5}}},"3":{"name":"(anonymous_5)","decl":{"start":{"line":44,"column":23},"end":{"line":44,"column":24}},"loc":{"start":{"line":44,"column":36},"end":{"line":50,"column":13}}},"4":{"name":"(anonymous_6)","decl":{"start":{"line":50,"column":28},"end":{"line":50,"column":29}},"loc":{"start":{"line":50,"column":48},"end":{"line":56,"column":13}}},"5":{"name":"(anonymous_7)","decl":{"start":{"line":60,"column":23},"end":{"line":60,"column":24}},"loc":{"start":{"line":60,"column":38},"end":{"line":62,"column":13}}},"6":{"name":"(anonymous_8)","decl":{"start":{"line":62,"column":28},"end":{"line":62,"column":29}},"loc":{"start":{"line":62,"column":48},"end":{"line":64,"column":13}}},"7":{"name":"(anonymous_9)","decl":{"start":{"line":74,"column":11},"end":{"line":74,"column":20}},"loc":{"start":{"line":74,"column":31},"end":{"line":98,"column":5}}},"8":{"name":"(anonymous_10)","decl":{"start":{"line":100,"column":11},"end":{"line":100,"column":22}},"loc":{"start":{"line":100,"column":50},"end":{"line":130,"column":5}}},"9":{"name":"(anonymous_11)","decl":{"start":{"line":132,"column":11},"end":{"line":132,"column":21}},"loc":{"start":{"line":132,"column":59},"end":{"line":134,"column":5}}},"10":{"name":"(anonymous_12)","decl":{"start":{"line":136,"column":14},"end":{"line":136,"column":22}},"loc":{"start":{"line":136,"column":47},"end":{"line":139,"column":5}}}},"branchMap":{"0":{"loc":{"start":{"line":28,"column":12},"end":{"line":28,"column":33}},"type":"binary-expr","locations":[{"start":{"line":28,"column":12},"end":{"line":28,"column":33}},{"start":{"line":28,"column":37},"end":{"line":28,"column":60}},{"start":{"line":28,"column":65},"end":{"line":28,"column":75}}]},"1":{"loc":{"start":{"line":63,"column":54},"end":{"line":63,"column":64}},"type":"cond-expr","locations":[{"start":{"line":63,"column":54},"end":{"line":63,"column":64}},{"start":{"line":63,"column":67},"end":{"line":63,"column":76}}]},"2":{"loc":{"start":{"line":77,"column":8},"end":{"line":79,"column":null}},"type":"if","locations":[{"start":{"line":77,"column":8},"end":{"line":79,"column":null}},{"start":{"line":77,"column":8},"end":{"line":79,"column":null}}]},"3":{"loc":{"start":{"line":80,"column":8},"end":{"line":97,"column":null}},"type":"if","locations":[{"start":{"line":80,"column":8},"end":{"line":97,"column":null}},{"start":{"line":80,"column":8},"end":{"line":97,"column":null}}]},"4":{"loc":{"start":{"line":82,"column":12},"end":{"line":93,"column":null}},"type":"if","locations":[{"start":{"line":82,"column":12},"end":{"line":93,"column":null}},{"start":{"line":82,"column":12},"end":{"line":93,"column":null}}]},"5":{"loc":{"start":{"line":87,"column":16},"end":{"line":89,"column":null}},"type":"if","locations":[{"start":{"line":87,"column":16},"end":{"line":89,"column":null}},{"start":{"line":87,"column":16},"end":{"line":89,"column":null}}]},"6":{"loc":{"start":{"line":101,"column":8},"end":{"line":129,"column":null}},"type":"if","locations":[{"start":{"line":101,"column":8},"end":{"line":129,"column":null}},{"start":{"line":101,"column":8},"end":{"line":129,"column":null}}]},"7":{"loc":{"start":{"line":103,"column":12},"end":{"line":125,"column":null}},"type":"if","locations":[{"start":{"line":103,"column":12},"end":{"line":125,"column":null}},{"start":{"line":103,"column":12},"end":{"line":125,"column":null}}]},"8":{"loc":{"start":{"line":107,"column":16},"end":{"line":109,"column":null}},"type":"if","locations":[{"start":{"line":107,"column":16},"end":{"line":109,"column":null}},{"start":{"line":107,"column":16},"end":{"line":109,"column":null}}]},"9":{"loc":{"start":{"line":113,"column":16},"end":{"line":119,"column":null}},"type":"if","locations":[{"start":{"line":113,"column":16},"end":{"line":119,"column":null}},{"start":{"line":113,"column":16},"end":{"line":119,"column":null}}]},"10":{"loc":{"start":{"line":113,"column":20},"end":{"line":113,"column":40}},"type":"binary-expr","locations":[{"start":{"line":113,"column":20},"end":{"line":113,"column":40}},{"start":{"line":113,"column":44},"end":{"line":113,"column":69}}]},"11":{"loc":{"start":{"line":115,"column":20},"end":{"line":117,"column":null}},"type":"if","locations":[{"start":{"line":115,"column":20},"end":{"line":117,"column":null}},{"start":{"line":115,"column":20},"end":{"line":117,"column":null}}]},"12":{"loc":{"start":{"line":115,"column":24},"end":{"line":115,"column":35}},"type":"binary-expr","locations":[{"start":{"line":115,"column":24},"end":{"line":115,"column":35}},{"start":{"line":115,"column":39},"end":{"line":115,"column":82}}]},"13":{"loc":{"start":{"line":121,"column":16},"end":{"line":123,"column":null}},"type":"if","locations":[{"start":{"line":121,"column":16},"end":{"line":123,"column":null}},{"start":{"line":121,"column":16},"end":{"line":123,"column":null}}]}},"s":{"0":1,"1":1,"2":66,"3":34,"4":3,"5":3,"6":3,"7":3,"8":7,"9":7,"10":7,"11":7,"12":7,"13":7,"14":7,"15":7,"16":3,"17":2,"18":2,"19":3,"20":3,"21":3,"22":3,"23":34,"24":34,"25":4,"26":30,"27":14,"28":4,"29":10,"30":10,"31":10,"32":1,"33":9,"34":16,"35":36,"36":20,"37":4,"38":16,"39":16,"40":1,"41":15,"42":15,"43":15,"44":5,"45":5,"46":1,"47":4,"48":10,"49":10,"50":1,"51":9,"52":16,"53":8,"54":12,"55":12,"56":1},"f":{"0":66,"1":34,"2":3,"3":7,"4":7,"5":2,"6":2,"7":34,"8":36,"9":8,"10":12},"b":{"0":[66,30,36],"1":[1,1],"2":[4,30],"3":[14,16],"4":[4,10],"5":[1,9],"6":[20,16],"7":[4,16],"8":[1,15],"9":[5,10],"10":[15,5],"11":[1,4],"12":[5,3],"13":[1,9]}}
,"/home/dapaulid/projects/remo.io/lib/L4_rcp/clientendpoint.ts": {"path":"/home/dapaulid/projects/remo.io/lib/L4_rcp/clientendpoint.ts","statementMap":{"0":{"start":{"line":11,"column":0},"end":{"line":11,"column":44}},"1":{"start":{"line":14,"column":0},"end":{"line":14,"column":38}},"2":{"start":{"line":15,"column":0},"end":{"line":15,"column":35}},"3":{"start":{"line":18,"column":15},"end":{"line":18,"column":49}},"4":{"start":{"line":23,"column":8},"end":{"line":23,"column":16}},"5":{"start":{"line":27,"column":23},"end":{"line":27,"column":51}},"6":{"start":{"line":28,"column":8},"end":{"line":28,"column":25}},"7":{"start":{"line":30,"column":8},"end":{"line":30,"column":49}},"8":{"start":{"line":20,"column":0},"end":{"line":20,"column":21}}},"fnMap":{"0":{"name":"(anonymous_2)","decl":{"start":{"line":22,"column":4},"end":{"line":22,"column":null}},"loc":{"start":{"line":22,"column":4},"end":{"line":24,"column":5}}},"1":{"name":"(anonymous_3)","decl":{"start":{"line":26,"column":11},"end":{"line":26,"column":18}},"loc":{"start":{"line":26,"column":31},"end":{"line":31,"column":5}}}},"branchMap":{},"s":{"0":1,"1":1,"2":1,"3":1,"4":1,"5":1,"6":1,"7":1,"8":1},"f":{"0":1,"1":1},"b":{}}
,"/home/dapaulid/projects/remo.io/lib/L4_rcp/endpoint.ts": {"path":"/home/dapaulid/projects/remo.io/lib/L4_rcp/endpoint.ts","statementMap":{"0":{"start":{"line":13,"column":0},"end":{"line":13,"column":35}},"1":{"start":{"line":15,"column":0},"end":{"line":15,"column":38}},"2":{"start":{"line":18,"column":15},"end":{"line":18,"column":43}},"3":{"start":{"line":23,"column":8},"end":{"line":23,"column":16}},"4":{"start":{"line":24,"column":8},"end":{"line":24,"column":35}},"5":{"start":{"line":25,"column":8},"end":{"line":25,"column":22}},"6":{"start":{"line":31,"column":8},"end":{"line":31,"column":52}},"7":{"start":{"line":32,"column":8},"end":{"line":32,"column":37}},"8":{"start":{"line":35,"column":23},"end":{"line":35,"column":31}},"9":{"start":{"line":36,"column":21},"end":{"line":36,"column":25}},"10":{"start":{"line":37,"column":19},"end":{"line":37,"column":23}},"11":{"start":{"line":39,"column":8},"end":{"line":50,"column":null}},"12":{"start":{"line":40,"column":12},"end":{"line":40,"column":26}},"13":{"start":{"line":41,"column":12},"end":{"line":48,"column":null}},"14":{"start":{"line":43,"column":16},"end":{"line":45,"column":null}},"15":{"start":{"line":44,"column":20},"end":{"line":44,"column":37}},"16":{"start":{"line":47,"column":16},"end":{"line":47,"column":34}},"17":{"start":{"line":49,"column":12},"end":{"line":49,"column":24}},"18":{"start":{"line":53,"column":8},"end":{"line":55,"column":null}},"19":{"start":{"line":54,"column":12},"end":{"line":54,"column":29}},"20":{"start":{"line":59,"column":8},"end":{"line":59,"column":54}},"21":{"start":{"line":60,"column":8},"end":{"line":60,"column":41}},"22":{"start":{"line":20,"column":0},"end":{"line":20,"column":30}}},"fnMap":{"0":{"name":"(anonymous_1)","decl":{"start":{"line":22,"column":4},"end":{"line":22,"column":null}},"loc":{"start":{"line":22,"column":4},"end":{"line":26,"column":5}}},"1":{"name":"(anonymous_2)","decl":{"start":{"line":30,"column":11},"end":{"line":30,"column":27}},"loc":{"start":{"line":30,"column":54},"end":{"line":56,"column":5}}},"2":{"name":"(anonymous_3)","decl":{"start":{"line":58,"column":11},"end":{"line":58,"column":29}},"loc":{"start":{"line":58,"column":40},"end":{"line":61,"column":5}}}},"branchMap":{"0":{"loc":{"start":{"line":41,"column":12},"end":{"line":48,"column":null}},"type":"if","locations":[{"start":{"line":41,"column":12},"end":{"line":48,"column":null}},{"start":{"line":41,"column":12},"end":{"line":48,"column":null}}]},"1":{"loc":{"start":{"line":43,"column":16},"end":{"line":45,"column":null}},"type":"if","locations":[{"start":{"line":43,"column":16},"end":{"line":45,"column":null}},{"start":{"line":43,"column":16},"end":{"line":45,"column":null}}]},"2":{"loc":{"start":{"line":53,"column":8},"end":{"line":55,"column":null}},"type":"if","locations":[{"start":{"line":53,"column":8},"end":{"line":55,"column":null}},{"start":{"line":53,"column":8},"end":{"line":55,"column":null}}]}},"s":{"0":1,"1":1,"2":1,"3":4,"4":4,"5":4,"6":2,"7":2,"8":2,"9":2,"10":2,"11":2,"12":2,"13":2,"14":0,"15":0,"16":0,"17":2,"18":2,"19":2,"20":0,"21":0,"22":1},"f":{"0":4,"1":2,"2":0},"b":{"0":[0,2],"1":[0,0],"2":[2,0]}}
,"/home/dapaulid/projects/remo.io/lib/L4_rcp/errors.ts": {"path":"/home/dapaulid/projects/remo.io/lib/L4_rcp/errors.ts","statementMap":{"0":{"start":{"line":11,"column":13},"end":{"line":11,"column":126}},"1":{"start":{"line":12,"column":13},"end":{"line":12,"column":121}},"2":{"start":{"line":13,"column":13},"end":{"line":13,"column":153}}},"fnMap":{},"branchMap":{},"s":{"0":1,"1":1,"2":1},"f":{},"b":{}}
,"/home/dapaulid/projects/remo.io/lib/L4_rcp/index.ts": {"path":"/home/dapaulid/projects/remo.io/lib/L4_rcp/index.ts","statementMap":{"0":{"start":{"line":11,"column":0},"end":{"line":11,"column":7}},"1":{"start":{"line":18,"column":4},"end":{"line":11,"column":46}},"2":{"start":{"line":12,"column":0},"end":{"line":12,"column":7}},"3":{"start":{"line":18,"column":20},"end":{"line":12,"column":46}},"4":{"start":{"line":13,"column":0},"end":{"line":13,"column":7}},"5":{"start":{"line":18,"column":36},"end":{"line":13,"column":46}}},"fnMap":{},"branchMap":{},"s":{"0":1,"1":1,"2":1,"3":1,"4":1,"5":1},"f":{},"b":{}}
,"/home/dapaulid/projects/remo.io/lib/L4_rcp/localendpoint.ts": {"path":"/home/dapaulid/projects/remo.io/lib/L4_rcp/localendpoint.ts","statementMap":{"0":{"start":{"line":11,"column":0},"end":{"line":11,"column":34}},"1":{"start":{"line":12,"column":0},"end":{"line":12,"column":46}},"2":{"start":{"line":13,"column":0},"end":{"line":13,"column":40}},"3":{"start":{"line":16,"column":0},"end":{"line":16,"column":35}},"4":{"start":{"line":17,"column":0},"end":{"line":17,"column":36}},"5":{"start":{"line":20,"column":15},"end":{"line":20,"column":48}},"6":{"start":{"line":25,"column":8},"end":{"line":25,"column":16}},"7":{"start":{"line":26,"column":8},"end":{"line":26,"column":33}},"8":{"start":{"line":27,"column":8},"end":{"line":27,"column":38}},"9":{"start":{"line":28,"column":8},"end":{"line":28,"column":34}},"10":{"start":{"line":32,"column":8},"end":{"line":32,"column":41}},"11":{"start":{"line":36,"column":8},"end":{"line":36,"column":36}},"12":{"start":{"line":38,"column":21},"end":{"line":38,"column":59}},"13":{"start":{"line":39,"column":8},"end":{"line":41,"column":11}},"14":{"start":{"line":40,"column":12},"end":{"line":40,"column":40}},"15":{"start":{"line":46,"column":8},"end":{"line":68,"column":null}},"16":{"start":{"line":47,"column":25},"end":{"line":47,"column":34}},"17":{"start":{"line":50,"column":12},"end":{"line":52,"column":null}},"18":{"start":{"line":51,"column":16},"end":{"line":51,"column":25}},"19":{"start":{"line":54,"column":23},"end":{"line":54,"column":58}},"20":{"start":{"line":57,"column":25},"end":{"line":57,"column":36}},"21":{"start":{"line":58,"column":12},"end":{"line":67,"column":null}},"22":{"start":{"line":60,"column":16},"end":{"line":60,"column":48}},"23":{"start":{"line":61,"column":19},"end":{"line":67,"column":null}},"24":{"start":{"line":63,"column":16},"end":{"line":63,"column":49}},"25":{"start":{"line":66,"column":16},"end":{"line":66,"column":86}},"26":{"start":{"line":72,"column":8},"end":{"line":74,"column":null}},"27":{"start":{"line":73,"column":12},"end":{"line":73,"column":25}},"28":{"start":{"line":75,"column":8},"end":{"line":77,"column":11}},"29":{"start":{"line":76,"column":12},"end":{"line":76,"column":40}},"30":{"start":{"line":79,"column":8},"end":{"line":79,"column":20}},"31":{"start":{"line":84,"column":17},"end":{"line":84,"column":40}},"32":{"start":{"line":85,"column":8},"end":{"line":89,"column":null}},"33":{"start":{"line":87,"column":12},"end":{"line":87,"column":64}},"34":{"start":{"line":88,"column":12},"end":{"line":88,"column":44}},"35":{"start":{"line":90,"column":8},"end":{"line":90,"column":18}},"36":{"start":{"line":94,"column":8},"end":{"line":94,"column":39}},"37":{"start":{"line":98,"column":8},"end":{"line":98,"column":67}},"38":{"start":{"line":99,"column":8},"end":{"line":106,"column":11}},"39":{"start":{"line":100,"column":25},"end":{"line":100,"column":47}},"40":{"start":{"line":101,"column":12},"end":{"line":105,"column":null}},"41":{"start":{"line":102,"column":16},"end":{"line":102,"column":48}},"42":{"start":{"line":104,"column":16},"end":{"line":104,"column":79}},"43":{"start":{"line":110,"column":8},"end":{"line":110,"column":51}},"44":{"start":{"line":114,"column":8},"end":{"line":128,"column":11}},"45":{"start":{"line":115,"column":27},"end":{"line":115,"column":59}},"46":{"start":{"line":116,"column":12},"end":{"line":116,"column":37}},"47":{"start":{"line":117,"column":12},"end":{"line":117,"column":51}},"48":{"start":{"line":119,"column":12},"end":{"line":122,"column":15}},"49":{"start":{"line":120,"column":29},"end":{"line":120,"column":67}},"50":{"start":{"line":121,"column":16},"end":{"line":121,"column":44}},"51":{"start":{"line":124,"column":12},"end":{"line":126,"column":15}},"52":{"start":{"line":125,"column":16},"end":{"line":125,"column":32}},"53":{"start":{"line":127,"column":12},"end":{"line":127,"column":27}},"54":{"start":{"line":133,"column":8},"end":{"line":133,"column":22}},"55":{"start":{"line":22,"column":0},"end":{"line":22,"column":21}}},"fnMap":{"0":{"name":"(anonymous_2)","decl":{"start":{"line":24,"column":4},"end":{"line":24,"column":null}},"loc":{"start":{"line":24,"column":4},"end":{"line":29,"column":5}}},"1":{"name":"(anonymous_3)","decl":{"start":{"line":31,"column":11},"end":{"line":31,"column":27}},"loc":{"start":{"line":31,"column":54},"end":{"line":42,"column":5}}},"2":{"name":"(anonymous_4)","decl":{"start":{"line":39,"column":29},"end":{"line":39,"column":30}},"loc":{"start":{"line":39,"column":40},"end":{"line":41,"column":9}}},"3":{"name":"(anonymous_5)","decl":{"start":{"line":44,"column":11},"end":{"line":44,"column":28}},"loc":{"start":{"line":44,"column":53},"end":{"line":69,"column":5}}},"4":{"name":"(anonymous_6)","decl":{"start":{"line":71,"column":11},"end":{"line":71,"column":29}},"loc":{"start":{"line":71,"column":40},"end":{"line":80,"column":5}}},"5":{"name":"(anonymous_7)","decl":{"start":{"line":75,"column":29},"end":{"line":75,"column":30}},"loc":{"start":{"line":75,"column":40},"end":{"line":77,"column":9}}},"6":{"name":"(anonymous_8)","decl":{"start":{"line":82,"column":11},"end":{"line":82,"column":30}},"loc":{"start":{"line":82,"column":62},"end":{"line":91,"column":5}}},"7":{"name":"(anonymous_9)","decl":{"start":{"line":93,"column":11},"end":{"line":93,"column":24}},"loc":{"start":{"line":93,"column":39},"end":{"line":95,"column":5}}},"8":{"name":"(anonymous_10)","decl":{"start":{"line":97,"column":11},"end":{"line":97,"column":23}},"loc":{"start":{"line":97,"column":48},"end":{"line":107,"column":5}}},"9":{"name":"(anonymous_11)","decl":{"start":{"line":99,"column":27},"end":{"line":99,"column":28}},"loc":{"start":{"line":99,"column":47},"end":{"line":106,"column":9}}},"10":{"name":"(anonymous_12)","decl":{"start":{"line":109,"column":11},"end":{"line":109,"column":19}},"loc":{"start":{"line":109,"column":19},"end":{"line":111,"column":5}}},"11":{"name":"(anonymous_13)","decl":{"start":{"line":113,"column":14},"end":{"line":113,"column":34}},"loc":{"start":{"line":113,"column":53},"end":{"line":129,"column":5}}},"12":{"name":"(anonymous_14)","decl":{"start":{"line":114,"column":27},"end":{"line":114,"column":28}},"loc":{"start":{"line":114,"column":47},"end":{"line":128,"column":9}}},"13":{"name":"(anonymous_15)","decl":{"start":{"line":119,"column":35},"end":{"line":119,"column":36}},"loc":{"start":{"line":119,"column":66},"end":{"line":122,"column":13}}},"14":{"name":"(anonymous_16)","decl":{"start":{"line":124,"column":37},"end":{"line":124,"column":40}},"loc":{"start":{"line":124,"column":42},"end":{"line":126,"column":13}}},"15":{"name":"(anonymous_17)","decl":{"start":{"line":131,"column":14},"end":{"line":131,"column":30}},"loc":{"start":{"line":131,"column":45},"end":{"line":134,"column":5}}}},"branchMap":{"0":{"loc":{"start":{"line":50,"column":12},"end":{"line":52,"column":null}},"type":"if","locations":[{"start":{"line":50,"column":12},"end":{"line":52,"column":null}},{"start":{"line":50,"column":12},"end":{"line":52,"column":null}}]},"1":{"loc":{"start":{"line":54,"column":32},"end":{"line":54,"column":51}},"type":"cond-expr","locations":[{"start":{"line":54,"column":32},"end":{"line":54,"column":51}},{"start":{"line":54,"column":54},"end":{"line":54,"column":58}}]},"2":{"loc":{"start":{"line":58,"column":12},"end":{"line":67,"column":null}},"type":"if","locations":[{"start":{"line":58,"column":12},"end":{"line":67,"column":null}},{"start":{"line":58,"column":12},"end":{"line":67,"column":null}}]},"3":{"loc":{"start":{"line":61,"column":19},"end":{"line":67,"column":null}},"type":"if","locations":[{"start":{"line":61,"column":19},"end":{"line":67,"column":null}},{"start":{"line":61,"column":19},"end":{"line":67,"column":null}}]},"4":{"loc":{"start":{"line":72,"column":8},"end":{"line":74,"column":null}},"type":"if","locations":[{"start":{"line":72,"column":8},"end":{"line":74,"column":null}},{"start":{"line":72,"column":8},"end":{"line":74,"column":null}}]},"5":{"loc":{"start":{"line":85,"column":8},"end":{"line":89,"column":null}},"type":"if","locations":[{"start":{"line":85,"column":8},"end":{"line":89,"column":null}},{"start":{"line":85,"column":8},"end":{"line":89,"column":null}}]},"6":{"loc":{"start":{"line":87,"column":18},"end":{"line":87,"column":24}},"type":"binary-expr","locations":[{"start":{"line":87,"column":18},"end":{"line":87,"column":24}},{"start":{"line":87,"column":28},"end":{"line":87,"column":30}}]},"7":{"loc":{"start":{"line":101,"column":12},"end":{"line":105,"column":null}},"type":"if","locations":[{"start":{"line":101,"column":12},"end":{"line":105,"column":null}},{"start":{"line":101,"column":12},"end":{"line":105,"column":null}}]}},"s":{"0":1,"1":1,"2":1,"3":1,"4":1,"5":1,"6":2,"7":2,"8":2,"9":2,"10":1,"11":1,"12":1,"13":1,"14":0,"15":1,"16":1,"17":1,"18":0,"19":1,"20":1,"21":1,"22":1,"23":0,"24":0,"25":0,"26":0,"27":0,"28":0,"29":0,"30":0,"31":0,"32":0,"33":0,"34":0,"35":0,"36":0,"37":1,"38":1,"39":1,"40":1,"41":1,"42":0,"43":0,"44":2,"45":2,"46":2,"47":2,"48":2,"49":1,"50":1,"51":2,"52":1,"53":2,"54":0,"55":1},"f":{"0":2,"1":1,"2":0,"3":1,"4":0,"5":0,"6":0,"7":0,"8":1,"9":1,"10":0,"11":2,"12":2,"13":1,"14":1,"15":0},"b":{"0":[0,1],"1":[0,1],"2":[1,0],"3":[0,0],"4":[0,0],"5":[0,0],"6":[0,0],"7":[1,0]}}
,"/home/dapaulid/projects/remo.io/lib/L4_rcp/remoteendpoint.ts": {"path":"/home/dapaulid/projects/remo.io/lib/L4_rcp/remoteendpoint.ts","statementMap":{"0":{"start":{"line":11,"column":0},"end":{"line":11,"column":34}},"1":{"start":{"line":16,"column":0},"end":{"line":16,"column":41}},"2":{"start":{"line":17,"column":0},"end":{"line":17,"column":38}},"3":{"start":{"line":18,"column":0},"end":{"line":18,"column":35}},"4":{"start":{"line":19,"column":0},"end":{"line":19,"column":36}},"5":{"start":{"line":20,"column":0},"end":{"line":20,"column":40}},"6":{"start":{"line":23,"column":15},"end":{"line":23,"column":49}},"7":{"start":{"line":26,"column":0},"end":{"line":26,"column":null}},"8":{"start":{"line":27,"column":4},"end":{"line":27,"column":null}},"9":{"start":{"line":28,"column":4},"end":{"line":28,"column":null}},"10":{"start":{"line":29,"column":4},"end":{"line":29,"column":null}},"11":{"start":{"line":30,"column":4},"end":{"line":30,"column":null}},"12":{"start":{"line":37,"column":8},"end":{"line":37,"column":16}},"13":{"start":{"line":39,"column":8},"end":{"line":39,"column":27}},"14":{"start":{"line":40,"column":8},"end":{"line":40,"column":29}},"15":{"start":{"line":41,"column":8},"end":{"line":41,"column":51}},"16":{"start":{"line":43,"column":8},"end":{"line":43,"column":46}},"17":{"start":{"line":46,"column":8},"end":{"line":56,"column":11}},"18":{"start":{"line":48,"column":16},"end":{"line":48,"column":68}},"19":{"start":{"line":50,"column":29},"end":{"line":50,"column":51}},"20":{"start":{"line":51,"column":16},"end":{"line":53,"column":null}},"21":{"start":{"line":52,"column":20},"end":{"line":52,"column":91}},"22":{"start":{"line":54,"column":16},"end":{"line":54,"column":28}},"23":{"start":{"line":58,"column":8},"end":{"line":58,"column":50}},"24":{"start":{"line":59,"column":8},"end":{"line":59,"column":72}},"25":{"start":{"line":61,"column":8},"end":{"line":66,"column":11}},"26":{"start":{"line":63,"column":12},"end":{"line":63,"column":43}},"27":{"start":{"line":64,"column":12},"end":{"line":64,"column":54}},"28":{"start":{"line":65,"column":12},"end":{"line":65,"column":37}},"29":{"start":{"line":68,"column":8},"end":{"line":71,"column":11}},"30":{"start":{"line":69,"column":24},"end":{"line":69,"column":63}},"31":{"start":{"line":70,"column":12},"end":{"line":70,"column":64}},"32":{"start":{"line":72,"column":8},"end":{"line":76,"column":11}},"33":{"start":{"line":73,"column":25},"end":{"line":73,"column":83}},"34":{"start":{"line":74,"column":12},"end":{"line":74,"column":49}},"35":{"start":{"line":75,"column":12},"end":{"line":75,"column":37}},"36":{"start":{"line":77,"column":8},"end":{"line":80,"column":11}},"37":{"start":{"line":78,"column":12},"end":{"line":78,"column":44}},"38":{"start":{"line":79,"column":12},"end":{"line":79,"column":37}},"39":{"start":{"line":84,"column":8},"end":{"line":84,"column":33}},"40":{"start":{"line":88,"column":8},"end":{"line":88,"column":67}},"41":{"start":{"line":89,"column":20},"end":{"line":89,"column":32}},"42":{"start":{"line":90,"column":27},"end":{"line":90,"column":57}},"43":{"start":{"line":91,"column":8},"end":{"line":99,"column":11}},"44":{"start":{"line":92,"column":12},"end":{"line":92,"column":68}},"45":{"start":{"line":93,"column":12},"end":{"line":96,"column":null}},"46":{"start":{"line":95,"column":16},"end":{"line":95,"column":66}},"47":{"start":{"line":98,"column":12},"end":{"line":98,"column":32}},"48":{"start":{"line":103,"column":8},"end":{"line":110,"column":11}},"49":{"start":{"line":104,"column":12},"end":{"line":107,"column":null}},"50":{"start":{"line":106,"column":16},"end":{"line":106,"column":66}},"51":{"start":{"line":109,"column":12},"end":{"line":109,"column":37}},"52":{"start":{"line":114,"column":8},"end":{"line":121,"column":11}},"53":{"start":{"line":115,"column":12},"end":{"line":118,"column":null}},"54":{"start":{"line":117,"column":16},"end":{"line":117,"column":66}},"55":{"start":{"line":120,"column":12},"end":{"line":120,"column":37}},"56":{"start":{"line":125,"column":8},"end":{"line":125,"column":46}},"57":{"start":{"line":130,"column":8},"end":{"line":133,"column":null}},"58":{"start":{"line":132,"column":12},"end":{"line":132,"column":19}},"59":{"start":{"line":135,"column":8},"end":{"line":135,"column":41}},"60":{"start":{"line":140,"column":8},"end":{"line":143,"column":null}},"61":{"start":{"line":142,"column":12},"end":{"line":142,"column":19}},"62":{"start":{"line":145,"column":8},"end":{"line":145,"column":31}},"63":{"start":{"line":147,"column":8},"end":{"line":147,"column":53}},"64":{"start":{"line":148,"column":8},"end":{"line":160,"column":null}},"65":{"start":{"line":150,"column":16},"end":{"line":150,"column":39}},"66":{"start":{"line":151,"column":16},"end":{"line":151,"column":22}},"67":{"start":{"line":153,"column":16},"end":{"line":153,"column":42}},"68":{"start":{"line":154,"column":16},"end":{"line":154,"column":22}},"69":{"start":{"line":156,"column":16},"end":{"line":156,"column":38}},"70":{"start":{"line":157,"column":16},"end":{"line":157,"column":22}},"71":{"start":{"line":164,"column":8},"end":{"line":164,"column":24}},"72":{"start":{"line":33,"column":0},"end":{"line":33,"column":21}}},"fnMap":{"0":{"name":"(anonymous_2)","decl":{"start":{"line":26,"column":0},"end":{"line":26,"column":5}},"loc":{"start":{"line":26,"column":12},"end":{"line":31,"column":1}}},"1":{"name":"(anonymous_3)","decl":{"start":{"line":35,"column":4},"end":{"line":35,"column":16}},"loc":{"start":{"line":35,"column":56},"end":{"line":81,"column":5}}},"2":{"name":"(anonymous_4)","decl":{"start":{"line":47,"column":23},"end":{"line":47,"column":24}},"loc":{"start":{"line":47,"column":42},"end":{"line":49,"column":13}}},"3":{"name":"(anonymous_5)","decl":{"start":{"line":49,"column":28},"end":{"line":49,"column":29}},"loc":{"start":{"line":49,"column":43},"end":{"line":55,"column":13}}},"4":{"name":"(anonymous_6)","decl":{"start":{"line":61,"column":43},"end":{"line":61,"column":46}},"loc":{"start":{"line":61,"column":48},"end":{"line":66,"column":9}}},"5":{"name":"(anonymous_7)","decl":{"start":{"line":68,"column":42},"end":{"line":68,"column":43}},"loc":{"start":{"line":68,"column":57},"end":{"line":71,"column":9}}},"6":{"name":"(anonymous_8)","decl":{"start":{"line":72,"column":53},"end":{"line":72,"column":54}},"loc":{"start":{"line":72,"column":79},"end":{"line":76,"column":9}}},"7":{"name":"(anonymous_9)","decl":{"start":{"line":77,"column":55},"end":{"line":77,"column":56}},"loc":{"start":{"line":77,"column":63},"end":{"line":80,"column":9}}},"8":{"name":"(anonymous_10)","decl":{"start":{"line":83,"column":11},"end":{"line":83,"column":19}},"loc":{"start":{"line":83,"column":19},"end":{"line":85,"column":5}}},"9":{"name":"(anonymous_11)","decl":{"start":{"line":87,"column":11},"end":{"line":87,"column":23}},"loc":{"start":{"line":87,"column":48},"end":{"line":100,"column":5}}},"10":{"name":"(anonymous_12)","decl":{"start":{"line":91,"column":63},"end":{"line":91,"column":64}},"loc":{"start":{"line":91,"column":78},"end":{"line":99,"column":9}}},"11":{"name":"(anonymous_13)","decl":{"start":{"line":102,"column":11},"end":{"line":102,"column":25}},"loc":{"start":{"line":102,"column":47},"end":{"line":111,"column":5}}},"12":{"name":"(anonymous_14)","decl":{"start":{"line":103,"column":61},"end":{"line":103,"column":62}},"loc":{"start":{"line":103,"column":76},"end":{"line":110,"column":9}}},"13":{"name":"(anonymous_15)","decl":{"start":{"line":113,"column":11},"end":{"line":113,"column":27}},"loc":{"start":{"line":113,"column":38},"end":{"line":122,"column":5}}},"14":{"name":"(anonymous_16)","decl":{"start":{"line":114,"column":63},"end":{"line":114,"column":64}},"loc":{"start":{"line":114,"column":78},"end":{"line":121,"column":9}}},"15":{"name":"(anonymous_17)","decl":{"start":{"line":124,"column":11},"end":{"line":124,"column":16}},"loc":{"start":{"line":124,"column":16},"end":{"line":126,"column":5}}},"16":{"name":"(anonymous_18)","decl":{"start":{"line":128,"column":14},"end":{"line":128,"column":32}},"loc":{"start":{"line":128,"column":78},"end":{"line":136,"column":5}}},"17":{"name":"(anonymous_19)","decl":{"start":{"line":138,"column":14},"end":{"line":138,"column":26}},"loc":{"start":{"line":138,"column":73},"end":{"line":161,"column":5}}},"18":{"name":"(anonymous_20)","decl":{"start":{"line":163,"column":11},"end":{"line":163,"column":17}},"loc":{"start":{"line":163,"column":17},"end":{"line":165,"column":5}}}},"branchMap":{"0":{"loc":{"start":{"line":26,"column":5},"end":{"line":26,"column":12}},"type":"binary-expr","locations":[{"start":{"line":26,"column":5},"end":{"line":26,"column":12}},{"start":{"line":26,"column":5},"end":{"line":26,"column":null}}]},"1":{"loc":{"start":{"line":51,"column":16},"end":{"line":53,"column":null}},"type":"if","locations":[{"start":{"line":51,"column":16},"end":{"line":53,"column":null}},{"start":{"line":51,"column":16},"end":{"line":53,"column":null}}]},"2":{"loc":{"start":{"line":93,"column":12},"end":{"line":96,"column":null}},"type":"if","locations":[{"start":{"line":93,"column":12},"end":{"line":96,"column":null}},{"start":{"line":93,"column":12},"end":{"line":96,"column":null}}]},"3":{"loc":{"start":{"line":104,"column":12},"end":{"line":107,"column":null}},"type":"if","locations":[{"start":{"line":104,"column":12},"end":{"line":107,"column":null}},{"start":{"line":104,"column":12},"end":{"line":107,"column":null}}]},"4":{"loc":{"start":{"line":104,"column":16},"end":{"line":104,"column":21}},"type":"binary-expr","locations":[{"start":{"line":104,"column":16},"end":{"line":104,"column":21}},{"start":{"line":104,"column":25},"end":{"line":104,"column":36}}]},"5":{"loc":{"start":{"line":115,"column":12},"end":{"line":118,"column":null}},"type":"if","locations":[{"start":{"line":115,"column":12},"end":{"line":118,"column":null}},{"start":{"line":115,"column":12},"end":{"line":118,"column":null}}]},"6":{"loc":{"start":{"line":115,"column":16},"end":{"line":115,"column":21}},"type":"binary-expr","locations":[{"start":{"line":115,"column":16},"end":{"line":115,"column":21}},{"start":{"line":115,"column":25},"end":{"line":115,"column":36}}]},"7":{"loc":{"start":{"line":130,"column":8},"end":{"line":133,"column":null}},"type":"if","locations":[{"start":{"line":130,"column":8},"end":{"line":133,"column":null}},{"start":{"line":130,"column":8},"end":{"line":133,"column":null}}]},"8":{"loc":{"start":{"line":130,"column":12},"end":{"line":130,"column":54}},"type":"binary-expr","locations":[{"start":{"line":130,"column":12},"end":{"line":130,"column":54}},{"start":{"line":130,"column":58},"end":{"line":130,"column":90}}]},"9":{"loc":{"start":{"line":140,"column":8},"end":{"line":143,"column":null}},"type":"if","locations":[{"start":{"line":140,"column":8},"end":{"line":143,"column":null}},{"start":{"line":140,"column":8},"end":{"line":143,"column":null}}]},"10":{"loc":{"start":{"line":149,"column":12},"end":{"line":151,"column":22}},"type":"switch","locations":[{"start":{"line":149,"column":12},"end":{"line":151,"column":22}},{"start":{"line":152,"column":12},"end":{"line":154,"column":22}},{"start":{"line":155,"column":12},"end":{"line":157,"column":22}},{"start":{"line":158,"column":12},"end":{"line":158,"column":20}}]}},"s":{"0":1,"1":1,"2":1,"3":1,"4":1,"5":1,"6":1,"7":1,"8":1,"9":1,"10":1,"11":1,"12":2,"13":2,"14":2,"15":2,"16":2,"17":2,"18":0,"19":0,"20":0,"21":0,"22":0,"23":2,"24":2,"25":2,"26":2,"27":2,"28":2,"29":2,"30":1,"31":1,"32":2,"33":1,"34":1,"35":1,"36":2,"37":0,"38":0,"39":1,"40":1,"41":1,"42":1,"43":1,"44":1,"45":1,"46":0,"47":1,"48":1,"49":1,"50":0,"51":1,"52":0,"53":0,"54":0,"55":0,"56":2,"57":4,"58":1,"59":3,"60":7,"61":1,"62":6,"63":6,"64":6,"65":2,"66":2,"67":1,"68":1,"69":1,"70":1,"71":1,"72":1},"f":{"0":1,"1":2,"2":0,"3":0,"4":2,"5":1,"6":1,"7":0,"8":1,"9":1,"10":1,"11":1,"12":1,"13":0,"14":0,"15":2,"16":4,"17":7,"18":1},"b":{"0":[1,1],"1":[0,0],"2":[0,1],"3":[0,1],"4":[1,1],"5":[0,0],"6":[0,0],"7":[1,3],"8":[4,1],"9":[1,6],"10":[2,1,1,2]}}
,"/home/dapaulid/projects/remo.io/lib/L4_rcp/serverendpoint.ts": {"path":"/home/dapaulid/projects/remo.io/lib/L4_rcp/serverendpoint.ts","statementMap":{"0":{"start":{"line":11,"column":0},"end":{"line":11,"column":44}},"1":{"start":{"line":14,"column":0},"end":{"line":14,"column":38}},"2":{"start":{"line":15,"column":0},"end":{"line":15,"column":35}},"3":{"start":{"line":18,"column":15},"end":{"line":18,"column":49}},"4":{"start":{"line":23,"column":8},"end":{"line":23,"column":16}},"5":{"start":{"line":24,"column":8},"end":{"line":24,"column":55}},"6":{"start":{"line":25,"column":8},"end":{"line":25,"column":60}},"7":{"start":{"line":29,"column":8},"end":{"line":31,"column":null}},"8":{"start":{"line":30,"column":12},"end":{"line":30,"column":52}},"9":{"start":{"line":35,"column":8},"end":{"line":35,"column":31}},"10":{"start":{"line":39,"column":8},"end":{"line":39,"column":42}},"11":{"start":{"line":20,"column":0},"end":{"line":20,"column":21}}},"fnMap":{"0":{"name":"(anonymous_2)","decl":{"start":{"line":22,"column":4},"end":{"line":22,"column":16}},"loc":{"start":{"line":22,"column":47},"end":{"line":32,"column":5}}},"1":{"name":"(anonymous_3)","decl":{"start":{"line":34,"column":11},"end":{"line":34,"column":19}},"loc":{"start":{"line":34,"column":19},"end":{"line":36,"column":5}}},"2":{"name":"(anonymous_4)","decl":{"start":{"line":38,"column":14},"end":{"line":38,"column":23}},"loc":{"start":{"line":38,"column":42},"end":{"line":40,"column":5}}}},"branchMap":{"0":{"loc":{"start":{"line":29,"column":8},"end":{"line":31,"column":null}},"type":"if","locations":[{"start":{"line":29,"column":8},"end":{"line":31,"column":null}},{"start":{"line":29,"column":8},"end":{"line":31,"column":null}}]}},"s":{"0":1,"1":1,"2":1,"3":1,"4":1,"5":1,"6":1,"7":1,"8":1,"9":1,"10":1,"11":1},"f":{"0":1,"1":1,"2":1},"b":{"0":[1,0]}}
,"/home/dapaulid/projects/remo.io/lib/L4_rcp/stubcreator.ts": {"path":"/home/dapaulid/projects/remo.io/lib/L4_rcp/stubcreator.ts","statementMap":{"0":{"start":{"line":16,"column":8},"end":{"line":19,"column":10}},"1":{"start":{"line":18,"column":68},"end":{"line":18,"column":76}},"2":{"start":{"line":24,"column":41},"end":{"line":24,"column":79}},"3":{"start":{"line":24,"column":54},"end":{"line":24,"column":79}},"4":{"start":{"line":26,"column":21},"end":{"line":26,"column":65}},"5":{"start":{"line":27,"column":8},"end":{"line":29,"column":11}},"6":{"start":{"line":31,"column":26},"end":{"line":31,"column":93}},"7":{"start":{"line":31,"column":71},"end":{"line":31,"column":81}},"8":{"start":{"line":32,"column":8},"end":{"line":34,"column":11}},"9":{"start":{"line":33,"column":25},"end":{"line":33,"column":75}},"10":{"start":{"line":35,"column":8},"end":{"line":35,"column":20}},"11":{"start":{"line":39,"column":8},"end":{"line":45,"column":40}},"12":{"start":{"line":13,"column":0},"end":{"line":13,"column":21}}},"fnMap":{"0":{"name":"(anonymous_0)","decl":{"start":{"line":15,"column":11},"end":{"line":15,"column":17}},"loc":{"start":{"line":15,"column":61},"end":{"line":20,"column":5}}},"1":{"name":"(anonymous_1)","decl":{"start":{"line":18,"column":49},"end":{"line":18,"column":50}},"loc":{"start":{"line":18,"column":68},"end":{"line":18,"column":76}}},"2":{"name":"(anonymous_2)","decl":{"start":{"line":22,"column":11},"end":{"line":22,"column":17}},"loc":{"start":{"line":22,"column":103},"end":{"line":36,"column":5}}},"3":{"name":"(anonymous_3)","decl":{"start":{"line":24,"column":41},"end":{"line":24,"column":42}},"loc":{"start":{"line":24,"column":54},"end":{"line":24,"column":79}}},"4":{"name":"(anonymous_4)","decl":{"start":{"line":31,"column":42},"end":{"line":31,"column":43}},"loc":{"start":{"line":31,"column":71},"end":{"line":31,"column":81}}},"5":{"name":"(anonymous_5)","decl":{"start":{"line":33,"column":19},"end":{"line":33,"column":22}},"loc":{"start":{"line":33,"column":25},"end":{"line":33,"column":75}}},"6":{"name":"(anonymous_6)","decl":{"start":{"line":38,"column":12},"end":{"line":38,"column":18}},"loc":{"start":{"line":38,"column":47},"end":{"line":46,"column":5}}}},"branchMap":{},"s":{"0":2,"1":2,"2":1,"3":1,"4":1,"5":1,"6":1,"7":1,"8":1,"9":0,"10":1,"11":2,"12":1},"f":{"0":2,"1":2,"2":1,"3":1,"4":1,"5":0,"6":2},"b":{}}
}
