TN:
SF:/home/dapaulid/projects/remo.io/lib/browser.ts
FN:19,createClient
FN:30,getServer
FN:32,(anonymous_2)
FNF:3
FNH:0
FNDA:0,createClient
FNDA:0,getServer
FNDA:0,(anonymous_2)
DA:16,0
DA:19,0
DA:20,0
DA:24,0
DA:27,0
DA:30,0
DA:31,0
DA:32,0
DA:33,0
DA:34,0
DA:37,0
LF:11
LH:0
BRDA:31,0,0,0
BRDA:31,0,1,0
BRF:2
BRH:0
end_of_record
TN:
SF:/home/dapaulid/projects/remo.io/lib/errors.ts
FN:19,revive
FN:29,serialize
FNF:2
FNH:0
FNDA:0,revive
FNDA:0,serialize
DA:11,1
DA:12,1
DA:13,1
DA:14,1
DA:15,1
DA:17,1
DA:19,1
DA:20,0
DA:22,0
DA:25,0
DA:29,1
DA:30,0
DA:31,0
DA:33,0
DA:34,0
DA:37,0
LF:16
LH:8
BRDA:20,0,0,0
BRDA:20,0,1,0
BRDA:20,1,0,0
BRDA:20,1,1,0
BRDA:25,2,0,0
BRDA:25,2,1,0
BRDA:30,3,0,0
BRDA:30,3,1,0
BRF:8
BRH:0
end_of_record
TN:
SF:/home/dapaulid/projects/remo.io/lib/index.ts
FN:18,createServer
FN:23,createClient
FNF:2
FNH:2
FNDA:1,createServer
FNDA:1,createClient
DA:15,1
DA:18,1
DA:19,1
DA:23,1
DA:24,1
LF:5
LH:5
BRF:0
BRH:0
end_of_record
TN:
SF:/home/dapaulid/projects/remo.io/lib/remoerror.ts
FN:20,(anonymous_0)
FN:41,formatErrorCode
FN:45,substitute
FN:46,(anonymous_3)
FNF:4
FNH:4
FNDA:4,(anonymous_0)
FNDA:4,formatErrorCode
FNDA:4,substitute
FNDA:3,(anonymous_3)
DA:18,1
DA:22,4
DA:26,4
DA:28,4
DA:29,4
DA:30,4
DA:31,4
DA:32,4
DA:42,4
DA:46,4
DA:47,3
DA:48,3
LF:12
LH:12
BRDA:48,0,0,3
BRDA:48,0,1,0
BRF:2
BRH:1
end_of_record
TN:
SF:/home/dapaulid/projects/remo.io/lib/remoteerror.ts
FN:14,(anonymous_0)
FNF:1
FNH:0
FNDA:0,(anonymous_0)
DA:12,1
DA:16,0
DA:18,0
DA:19,0
LF:4
LH:1
BRF:0
BRH:0
end_of_record
TN:
SF:/home/dapaulid/projects/remo.io/lib/L0_system/index.ts
FNF:0
FNH:0
DA:11,1
DA:12,1
DA:13,1
DA:15,1
LF:4
LH:4
BRF:0
BRH:0
end_of_record
TN:
SF:/home/dapaulid/projects/remo.io/lib/L0_system/logger.ts
FN:17,(anonymous_1)
FN:39,(anonymous_2)
FN:44,(anonymous_3)
FN:59,(anonymous_4)
FN:63,(anonymous_5)
FN:67,(anonymous_6)
FN:71,(anonymous_7)
FN:75,(anonymous_8)
FN:79,(anonymous_9)
FNF:9
FNH:3
FNDA:1,(anonymous_1)
FNDA:10,(anonymous_2)
FNDA:0,(anonymous_3)
FNDA:0,(anonymous_4)
FNDA:0,(anonymous_5)
FNDA:0,(anonymous_6)
FNDA:0,(anonymous_7)
FNDA:15,(anonymous_8)
FNDA:0,(anonymous_9)
DA:11,1
DA:14,1
DA:17,1
DA:18,1
DA:19,1
DA:20,1
DA:21,1
DA:22,1
DA:23,1
DA:26,1
DA:35,1
DA:37,1
DA:40,10
DA:41,10
DA:46,0
DA:48,0
DA:51,0
DA:52,0
DA:53,0
DA:54,0
DA:56,0
DA:60,0
DA:64,0
DA:68,0
DA:72,0
DA:76,15
DA:80,0
LF:27
LH:15
BRDA:17,0,0,1
BRDA:17,0,1,1
BRDA:46,1,0,0
BRDA:46,1,1,0
BRDA:51,2,0,0
BRDA:51,2,1,0
BRDA:52,3,0,0
BRDA:52,3,1,0
BRDA:53,4,0,0
BRDA:53,4,1,0
BRF:10
BRH:2
end_of_record
TN:
SF:/home/dapaulid/projects/remo.io/lib/L0_system/stopwatch.ts
FN:13,(anonymous_0)
FN:19,(anonymous_1)
FN:24,(anonymous_2)
FN:33,(anonymous_3)
FN:39,(anonymous_4)
FN:48,(anonymous_5)
FNF:6
FNH:6
FNDA:2,(anonymous_0)
FNDA:8,(anonymous_1)
FNDA:6,(anonymous_2)
FNDA:6,(anonymous_3)
FNDA:6,(anonymous_4)
FNDA:14,(anonymous_5)
DA:11,1
DA:14,2
DA:15,2
DA:16,2
DA:20,8
DA:21,8
DA:25,6
DA:26,0
DA:28,6
DA:30,6
DA:34,6
DA:35,6
DA:36,6
DA:40,6
DA:41,0
DA:43,6
DA:45,6
DA:49,14
LF:18
LH:16
BRDA:25,0,0,0
BRDA:25,0,1,6
BRDA:40,1,0,0
BRDA:40,1,1,6
BRDA:43,2,0,6
BRDA:43,2,1,0
BRF:6
BRH:3
end_of_record
TN:
SF:/home/dapaulid/projects/remo.io/lib/L0_system/timer.ts
FN:13,(anonymous_0)
FN:19,(anonymous_1)
FN:25,(anonymous_2)
FN:32,(anonymous_3)
FNF:4
FNH:0
FNDA:0,(anonymous_0)
FNDA:0,(anonymous_1)
FNDA:0,(anonymous_2)
FNDA:0,(anonymous_3)
DA:11,1
DA:14,0
DA:15,0
DA:16,0
DA:20,0
DA:21,0
DA:26,0
DA:27,0
DA:28,0
DA:33,0
DA:34,0
LF:11
LH:1
BRDA:20,0,0,0
BRDA:20,0,1,0
BRDA:26,1,0,0
BRDA:26,1,1,0
BRF:4
BRH:0
end_of_record
TN:
SF:/home/dapaulid/projects/remo.io/lib/L1_transport/clientsocket-sio.ts
FN:23,(anonymous_2)
FN:32,(anonymous_3)
FN:36,(anonymous_4)
FN:37,(anonymous_5)
FN:39,(anonymous_6)
FN:46,(anonymous_7)
FN:48,(anonymous_8)
FN:52,(anonymous_9)
FN:55,(anonymous_10)
FN:56,(anonymous_11)
FN:58,(anonymous_12)
FN:64,(anonymous_13)
FN:74,(anonymous_14)
FN:77,(anonymous_15)
FN:80,(anonymous_16)
FN:85,(anonymous_17)
FN:91,(anonymous_18)
FN:92,(anonymous_19)
FN:94,(anonymous_20)
FN:101,(anonymous_21)
FNF:20
FNH:11
FNDA:1,(anonymous_2)
FNDA:4,(anonymous_3)
FNDA:2,(anonymous_4)
FNDA:2,(anonymous_5)
FNDA:0,(anonymous_6)
FNDA:1,(anonymous_7)
FNDA:1,(anonymous_8)
FNDA:0,(anonymous_9)
FNDA:0,(anonymous_10)
FNDA:0,(anonymous_11)
FNDA:0,(anonymous_12)
FNDA:1,(anonymous_13)
FNDA:0,(anonymous_14)
FNDA:0,(anonymous_15)
FNDA:0,(anonymous_16)
FNDA:1,(anonymous_17)
FNDA:2,(anonymous_18)
FNDA:2,(anonymous_19)
FNDA:2,(anonymous_20)
FNDA:0,(anonymous_21)
DA:11,1
DA:12,1
DA:13,1
DA:16,1
DA:19,1
DA:21,1
DA:25,1
DA:26,1
DA:27,1
DA:29,1
DA:33,4
DA:35,4
DA:36,4
DA:37,2
DA:38,2
DA:40,0
DA:47,1
DA:48,1
DA:49,1
DA:52,1
DA:54,0
DA:55,0
DA:56,0
DA:57,0
DA:59,0
DA:64,1
DA:65,1
DA:68,0
DA:71,1
DA:74,1
DA:75,0
DA:77,1
DA:78,0
DA:80,1
DA:81,0
DA:86,1
DA:87,1
DA:92,2
DA:93,2
DA:94,2
DA:95,2
DA:102,0
DA:103,0
DA:104,0
LF:44
LH:31
BRDA:27,0,0,1
BRDA:27,0,1,0
BRDA:35,1,0,4
BRDA:35,1,1,0
BRDA:54,2,0,0
BRDA:54,2,1,0
BRDA:65,3,0,0
BRDA:65,3,1,1
BRDA:86,4,0,1
BRDA:86,4,1,0
BRDA:93,5,0,2
BRDA:93,5,1,0
BRDA:102,6,0,0
BRDA:102,6,1,0
BRF:14
BRH:5
end_of_record
TN:
SF:/home/dapaulid/projects/remo.io/lib/L1_transport/errors.ts
FNF:0
FNH:0
DA:11,1
DA:12,1
DA:13,1
DA:14,1
DA:15,1
DA:16,1
DA:17,1
LF:7
LH:7
BRF:0
BRH:0
end_of_record
TN:
SF:/home/dapaulid/projects/remo.io/lib/L1_transport/index.ts
FNF:0
FNH:0
DA:12,1
DA:16,1
DA:17,1
DA:18,1
DA:19,1
DA:22,1
DA:23,1
LF:7
LH:7
BRF:0
BRH:0
end_of_record
TN:
SF:/home/dapaulid/projects/remo.io/lib/L1_transport/linkstate.ts
FN:11,(anonymous_0)
FNF:1
FNH:1
FNDA:1,(anonymous_0)
DA:11,1
DA:12,1
DA:13,1
DA:14,1
DA:15,1
DA:16,1
DA:17,1
DA:20,1
LF:8
LH:8
BRDA:11,0,0,1
BRDA:11,0,1,1
BRF:2
BRH:2
end_of_record
TN:
SF:/home/dapaulid/projects/remo.io/lib/L1_transport/serversocket-sio.ts
FN:23,(anonymous_2)
FN:28,(anonymous_3)
FN:37,(anonymous_4)
FN:39,(anonymous_5)
FN:41,(anonymous_6)
FN:43,(anonymous_7)
FN:54,(anonymous_8)
FN:58,(anonymous_9)
FN:64,(anonymous_10)
FN:65,(anonymous_11)
FN:67,(anonymous_12)
FN:76,(anonymous_13)
FNF:12
FNH:9
FNDA:1,(anonymous_2)
FNDA:1,(anonymous_3)
FNDA:4,(anonymous_4)
FNDA:2,(anonymous_5)
FNDA:2,(anonymous_6)
FNDA:0,(anonymous_7)
FNDA:0,(anonymous_8)
FNDA:0,(anonymous_9)
FNDA:2,(anonymous_10)
FNDA:2,(anonymous_11)
FNDA:2,(anonymous_12)
FNDA:1,(anonymous_13)
DA:11,1
DA:12,1
DA:13,1
DA:19,1
DA:21,1
DA:25,1
DA:26,1
DA:28,1
DA:29,1
DA:32,1
DA:33,1
DA:38,4
DA:39,4
DA:40,2
DA:41,2
DA:42,2
DA:44,0
DA:47,0
DA:48,0
DA:55,0
DA:59,0
DA:60,0
DA:65,2
DA:66,2
DA:67,2
DA:68,2
DA:71,0
DA:77,1
DA:78,1
DA:79,1
LF:30
LH:23
BRDA:32,0,0,1
BRDA:32,0,1,0
BRDA:38,1,0,4
BRDA:38,1,1,0
BRDA:59,2,0,0
BRDA:59,2,1,0
BRDA:66,3,0,2
BRDA:66,3,1,0
BRDA:77,4,0,1
BRDA:77,4,1,0
BRF:10
BRH:4
end_of_record
TN:
SF:/home/dapaulid/projects/remo.io/lib/L1_transport/socket.ts
FN:28,(anonymous_2)
FN:39,(anonymous_3)
FN:45,(anonymous_4)
FN:51,(anonymous_5)
FN:55,(anonymous_6)
FN:59,(anonymous_7)
FN:64,(anonymous_8)
FN:71,(anonymous_9)
FN:76,(anonymous_10)
FN:81,(anonymous_11)
FNF:10
FNH:9
FNDA:2,(anonymous_2)
FNDA:1,(anonymous_3)
FNDA:1,(anonymous_4)
FNDA:2,(anonymous_5)
FNDA:4,(anonymous_6)
FNDA:2,(anonymous_7)
FNDA:1,(anonymous_8)
FNDA:1,(anonymous_9)
FNDA:0,(anonymous_10)
FNDA:6,(anonymous_11)
DA:12,1
DA:14,1
DA:18,1
DA:20,1
DA:30,2
DA:31,2
DA:32,2
DA:35,2
DA:36,2
DA:41,1
DA:42,1
DA:47,1
DA:48,1
DA:52,2
DA:56,4
DA:61,2
DA:66,1
DA:68,1
DA:73,1
DA:78,0
DA:82,6
DA:83,6
DA:84,6
DA:86,6
DA:88,6
DA:89,4
LF:26
LH:25
BRDA:88,0,0,4
BRDA:88,0,1,2
BRF:2
BRH:2
end_of_record
TN:
SF:/home/dapaulid/projects/remo.io/lib/L1_transport/socketserver-sio.ts
FN:23,(anonymous_2)
FN:32,(anonymous_3)
FN:37,(anonymous_4)
FNF:3
FNH:3
FNDA:1,(anonymous_2)
FNDA:1,(anonymous_3)
FNDA:1,(anonymous_4)
DA:11,1
DA:13,1
DA:14,1
DA:15,1
DA:19,1
DA:21,1
DA:25,1
DA:27,1
DA:32,1
DA:33,1
DA:38,1
DA:39,1
LF:12
LH:12
BRF:0
BRH:0
end_of_record
TN:
SF:/home/dapaulid/projects/remo.io/lib/L1_transport/socketserver.ts
FN:20,(anonymous_1)
FN:28,(anonymous_2)
FN:34,(anonymous_3)
FNF:3
FNH:2
FNDA:1,(anonymous_1)
FNDA:1,(anonymous_2)
FNDA:0,(anonymous_3)
DA:13,1
DA:16,1
DA:18,1
DA:22,1
DA:23,1
DA:29,1
DA:30,1
DA:35,0
DA:36,0
LF:9
LH:7
BRDA:29,0,0,1
BRDA:29,0,1,0
BRDA:35,1,0,0
BRDA:35,1,1,0
BRF:4
BRH:1
end_of_record
TN:
SF:/home/dapaulid/projects/remo.io/lib/L3_presentation/errors.ts
FNF:0
FNH:0
DA:11,1
DA:12,1
DA:13,1
DA:14,1
DA:15,1
LF:5
LH:5
BRF:0
BRH:0
end_of_record
TN:
SF:/home/dapaulid/projects/remo.io/lib/L3_presentation/index.ts
FNF:0
FNH:0
DA:11,1
DA:14,1
LF:2
LH:2
BRF:0
BRH:0
end_of_record
TN:
SF:/home/dapaulid/projects/remo.io/lib/L3_presentation/serializer.ts
FN:27,isRefType
FN:31,isArray
FN:37,(anonymous_4)
FN:44,(anonymous_5)
FN:50,(anonymous_6)
FN:60,(anonymous_7)
FN:62,(anonymous_8)
FN:74,(anonymous_9)
FN:100,(anonymous_10)
FN:132,(anonymous_11)
FN:136,(anonymous_12)
FNF:11
FNH:11
FNDA:66,isRefType
FNDA:34,isArray
FNDA:3,(anonymous_4)
FNDA:7,(anonymous_5)
FNDA:7,(anonymous_6)
FNDA:2,(anonymous_7)
FNDA:2,(anonymous_8)
FNDA:34,(anonymous_9)
FNDA:36,(anonymous_10)
FNDA:8,(anonymous_11)
FNDA:12,(anonymous_12)
DA:24,1
DA:25,1
DA:28,66
DA:32,34
DA:35,1
DA:38,3
DA:39,3
DA:40,3
DA:43,3
DA:45,7
DA:46,7
DA:47,7
DA:49,7
DA:51,7
DA:52,7
DA:53,7
DA:55,7
DA:59,3
DA:61,2
DA:63,2
DA:68,3
DA:69,3
DA:70,3
DA:71,3
DA:76,34
DA:77,34
DA:78,4
DA:80,30
DA:82,14
DA:83,4
DA:85,10
DA:86,10
DA:87,10
DA:88,1
DA:90,9
DA:96,16
DA:101,36
DA:103,20
DA:104,4
DA:106,16
DA:107,16
DA:108,1
DA:110,15
DA:111,15
DA:113,15
DA:114,5
DA:115,5
DA:116,1
DA:118,4
DA:120,10
DA:121,10
DA:122,1
DA:124,9
DA:128,16
DA:133,8
DA:137,12
DA:138,12
LF:57
LH:57
BRDA:28,0,0,66
BRDA:28,0,1,30
BRDA:28,0,2,36
BRDA:63,1,0,1
BRDA:63,1,1,1
BRDA:77,2,0,4
BRDA:77,2,1,30
BRDA:80,3,0,14
BRDA:80,3,1,16
BRDA:82,4,0,4
BRDA:82,4,1,10
BRDA:87,5,0,1
BRDA:87,5,1,9
BRDA:101,6,0,20
BRDA:101,6,1,16
BRDA:103,7,0,4
BRDA:103,7,1,16
BRDA:107,8,0,1
BRDA:107,8,1,15
BRDA:113,9,0,5
BRDA:113,9,1,10
BRDA:113,10,0,15
BRDA:113,10,1,5
BRDA:115,11,0,1
BRDA:115,11,1,4
BRDA:115,12,0,5
BRDA:115,12,1,3
BRDA:121,13,0,1
BRDA:121,13,1,9
BRF:29
BRH:29
end_of_record
TN:
SF:/home/dapaulid/projects/remo.io/lib/L4_rcp/clientendpoint.ts
FN:22,(anonymous_2)
FN:26,(anonymous_3)
FNF:2
FNH:2
FNDA:1,(anonymous_2)
FNDA:1,(anonymous_3)
DA:11,1
DA:14,1
DA:15,1
DA:18,1
DA:20,1
DA:23,1
DA:27,1
DA:28,1
DA:30,1
LF:9
LH:9
BRF:0
BRH:0
end_of_record
TN:
SF:/home/dapaulid/projects/remo.io/lib/L4_rcp/endpoint.ts
FN:22,(anonymous_1)
FN:30,(anonymous_2)
FN:58,(anonymous_3)
FNF:3
FNH:2
FNDA:4,(anonymous_1)
FNDA:2,(anonymous_2)
FNDA:0,(anonymous_3)
DA:13,1
DA:15,1
DA:18,1
DA:20,1
DA:23,4
DA:24,4
DA:25,4
DA:31,2
DA:32,2
DA:35,2
DA:36,2
DA:37,2
DA:39,2
DA:40,2
DA:41,2
DA:43,0
DA:44,0
DA:47,0
DA:49,2
DA:53,2
DA:54,2
DA:59,0
DA:60,0
LF:23
LH:18
BRDA:41,0,0,0
BRDA:41,0,1,2
BRDA:43,1,0,0
BRDA:43,1,1,0
BRDA:53,2,0,2
BRDA:53,2,1,0
BRF:6
BRH:2
end_of_record
TN:
SF:/home/dapaulid/projects/remo.io/lib/L4_rcp/errors.ts
FNF:0
FNH:0
DA:11,1
DA:12,1
DA:13,1
LF:3
LH:3
BRF:0
BRH:0
end_of_record
TN:
SF:/home/dapaulid/projects/remo.io/lib/L4_rcp/index.ts
FNF:0
FNH:0
DA:11,1
DA:12,1
DA:13,1
DA:18,1
LF:4
LH:4
BRF:0
BRH:0
end_of_record
TN:
SF:/home/dapaulid/projects/remo.io/lib/L4_rcp/localendpoint.ts
FN:24,(anonymous_2)
FN:31,(anonymous_3)
FN:39,(anonymous_4)
FN:44,(anonymous_5)
FN:71,(anonymous_6)
FN:75,(anonymous_7)
FN:82,(anonymous_8)
FN:93,(anonymous_9)
FN:97,(anonymous_10)
FN:99,(anonymous_11)
FN:109,(anonymous_12)
FN:113,(anonymous_13)
FN:114,(anonymous_14)
FN:119,(anonymous_15)
FN:124,(anonymous_16)
FN:131,(anonymous_17)
FNF:16
FNH:9
FNDA:2,(anonymous_2)
FNDA:1,(anonymous_3)
FNDA:0,(anonymous_4)
FNDA:1,(anonymous_5)
FNDA:0,(anonymous_6)
FNDA:0,(anonymous_7)
FNDA:0,(anonymous_8)
FNDA:0,(anonymous_9)
FNDA:1,(anonymous_10)
FNDA:1,(anonymous_11)
FNDA:0,(anonymous_12)
FNDA:2,(anonymous_13)
FNDA:2,(anonymous_14)
FNDA:1,(anonymous_15)
FNDA:1,(anonymous_16)
FNDA:0,(anonymous_17)
DA:11,1
DA:12,1
DA:13,1
DA:16,1
DA:17,1
DA:20,1
DA:22,1
DA:25,2
DA:26,2
DA:27,2
DA:28,2
DA:32,1
DA:36,1
DA:38,1
DA:39,1
DA:40,0
DA:46,1
DA:47,1
DA:50,1
DA:51,0
DA:54,1
DA:57,1
DA:58,1
DA:60,1
DA:61,0
DA:63,0
DA:66,0
DA:72,0
DA:73,0
DA:75,0
DA:76,0
DA:79,0
DA:84,0
DA:85,0
DA:87,0
DA:88,0
DA:90,0
DA:94,0
DA:98,1
DA:99,1
DA:100,1
DA:101,1
DA:102,1
DA:104,0
DA:110,0
DA:114,2
DA:115,2
DA:116,2
DA:117,2
DA:119,2
DA:120,1
DA:121,1
DA:124,2
DA:125,1
DA:127,2
DA:133,0
LF:56
LH:37
BRDA:50,0,0,0
BRDA:50,0,1,1
BRDA:54,1,0,0
BRDA:54,1,1,1
BRDA:58,2,0,1
BRDA:58,2,1,0
BRDA:61,3,0,0
BRDA:61,3,1,0
BRDA:72,4,0,0
BRDA:72,4,1,0
BRDA:85,5,0,0
BRDA:85,5,1,0
BRDA:87,6,0,0
BRDA:87,6,1,0
BRDA:101,7,0,1
BRDA:101,7,1,0
BRF:16
BRH:4
end_of_record
TN:
SF:/home/dapaulid/projects/remo.io/lib/L4_rcp/remoteendpoint.ts
FN:26,(anonymous_2)
FN:35,(anonymous_3)
FN:47,(anonymous_4)
FN:49,(anonymous_5)
FN:61,(anonymous_6)
FN:68,(anonymous_7)
FN:72,(anonymous_8)
FN:77,(anonymous_9)
FN:83,(anonymous_10)
FN:87,(anonymous_11)
FN:91,(anonymous_12)
FN:102,(anonymous_13)
FN:103,(anonymous_14)
FN:113,(anonymous_15)
FN:114,(anonymous_16)
FN:124,(anonymous_17)
FN:128,(anonymous_18)
FN:138,(anonymous_19)
FN:163,(anonymous_20)
FNF:19
FNH:14
FNDA:1,(anonymous_2)
FNDA:2,(anonymous_3)
FNDA:0,(anonymous_4)
FNDA:0,(anonymous_5)
FNDA:2,(anonymous_6)
FNDA:1,(anonymous_7)
FNDA:1,(anonymous_8)
FNDA:0,(anonymous_9)
FNDA:1,(anonymous_10)
FNDA:1,(anonymous_11)
FNDA:1,(anonymous_12)
FNDA:1,(anonymous_13)
FNDA:1,(anonymous_14)
FNDA:0,(anonymous_15)
FNDA:0,(anonymous_16)
FNDA:2,(anonymous_17)
FNDA:4,(anonymous_18)
FNDA:7,(anonymous_19)
FNDA:1,(anonymous_20)
DA:11,1
DA:16,1
DA:17,1
DA:18,1
DA:19,1
DA:20,1
DA:23,1
DA:26,1
DA:27,1
DA:28,1
DA:29,1
DA:30,1
DA:33,1
DA:37,2
DA:39,2
DA:40,2
DA:41,2
DA:43,2
DA:46,2
DA:48,0
DA:50,0
DA:51,0
DA:52,0
DA:54,0
DA:58,2
DA:59,2
DA:61,2
DA:63,2
DA:64,2
DA:65,2
DA:68,2
DA:69,1
DA:70,1
DA:72,2
DA:73,1
DA:74,1
DA:75,1
DA:77,2
DA:78,0
DA:79,0
DA:84,1
DA:88,1
DA:89,1
DA:90,1
DA:91,1
DA:92,1
DA:93,1
DA:95,0
DA:98,1
DA:103,1
DA:104,1
DA:106,0
DA:109,1
DA:114,0
DA:115,0
DA:117,0
DA:120,0
DA:125,2
DA:130,4
DA:132,1
DA:135,3
DA:140,7
DA:142,1
DA:145,6
DA:147,6
DA:148,6
DA:150,2
DA:151,2
DA:153,1
DA:154,1
DA:156,1
DA:157,1
DA:164,1
LF:73
LH:60
BRDA:26,0,0,1
BRDA:26,0,1,1
BRDA:51,1,0,0
BRDA:51,1,1,0
BRDA:93,2,0,0
BRDA:93,2,1,1
BRDA:104,3,0,0
BRDA:104,3,1,1
BRDA:104,4,0,1
BRDA:104,4,1,1
BRDA:115,5,0,0
BRDA:115,5,1,0
BRDA:115,6,0,0
BRDA:115,6,1,0
BRDA:130,7,0,1
BRDA:130,7,1,3
BRDA:130,8,0,4
BRDA:130,8,1,1
BRDA:140,9,0,1
BRDA:140,9,1,6
BRDA:149,10,0,2
BRDA:149,10,1,1
BRDA:149,10,2,1
BRDA:149,10,3,2
BRF:24
BRH:16
end_of_record
TN:
SF:/home/dapaulid/projects/remo.io/lib/L4_rcp/serverendpoint.ts
FN:22,(anonymous_2)
FN:34,(anonymous_3)
FN:38,(anonymous_4)
FNF:3
FNH:3
FNDA:1,(anonymous_2)
FNDA:1,(anonymous_3)
FNDA:1,(anonymous_4)
DA:11,1
DA:14,1
DA:15,1
DA:18,1
DA:20,1
DA:23,1
DA:24,1
DA:25,1
DA:29,1
DA:30,1
DA:35,1
DA:39,1
LF:12
LH:12
BRDA:29,0,0,1
BRDA:29,0,1,0
BRF:2
BRH:1
end_of_record
TN:
SF:/home/dapaulid/projects/remo.io/lib/L4_rcp/stubcreator.ts
FN:15,(anonymous_0)
FN:18,(anonymous_1)
FN:22,(anonymous_2)
FN:24,(anonymous_3)
FN:31,(anonymous_4)
FN:33,(anonymous_5)
FN:38,(anonymous_6)
FNF:7
FNH:6
FNDA:2,(anonymous_0)
FNDA:2,(anonymous_1)
FNDA:1,(anonymous_2)
FNDA:1,(anonymous_3)
FNDA:1,(anonymous_4)
FNDA:0,(anonymous_5)
FNDA:2,(anonymous_6)
DA:13,1
DA:16,2
DA:18,2
DA:24,1
DA:26,1
DA:27,1
DA:31,1
DA:32,1
DA:33,0
DA:35,1
DA:39,2
LF:11
LH:10
BRF:0
BRH:0
end_of_record
